[0;37m2025-10-30 17:56:05,033 [INFO   ] Note: NumExpr detected 16 cores but "NUMEXPR_MAX_THREADS" not set, so enforcing safe limit of 8.[0m
[0;37m2025-10-30 17:56:05,034 [INFO   ] NumExpr defaulting to 8 threads.[0m
[0;37m2025-10-30 17:56:44,062 [INFO   ] Note: NumExpr detected 16 cores but "NUMEXPR_MAX_THREADS" not set, so enforcing safe limit of 8.[0m
[0;37m2025-10-30 17:56:44,063 [INFO   ] NumExpr defaulting to 8 threads.[0m
[33;20m2025-10-30 17:56:44,890 [WARNING] Parameter-specific bounds are incomplete, falling back to ub/lb in [common][0m
[0;37m2025-10-30 17:57:03,283 [INFO   ] Note: NumExpr detected 16 cores but "NUMEXPR_MAX_THREADS" not set, so enforcing safe limit of 8.[0m
[0;37m2025-10-30 17:57:03,283 [INFO   ] NumExpr defaulting to 8 threads.[0m
[33;20m2025-10-30 17:57:04,019 [WARNING] Parameter-specific bounds are incomplete, falling back to ub/lb in [common][0m
[0;37m2025-10-30 17:57:04,019 [INFO   ] No DB found at ./databases/default.db, creating a new DB![0m
[0;37m2025-10-30 17:57:04,239 [INFO   ] Received msg [setup][0m
[33;20m2025-10-30 17:57:04,240 [WARNING] Parameter-specific bounds are incomplete, falling back to ub/lb in [common][0m
[0;37m2025-10-30 17:57:19,377 [INFO   ] Note: NumExpr detected 16 cores but "NUMEXPR_MAX_THREADS" not set, so enforcing safe limit of 8.[0m
[0;37m2025-10-30 17:57:19,377 [INFO   ] NumExpr defaulting to 8 threads.[0m
[33;20m2025-10-30 17:57:20,183 [WARNING] Parameter-specific bounds are incomplete, falling back to ub/lb in [common][0m
[0;37m2025-10-30 17:57:20,184 [INFO   ] Found DB at ./databases/default.db, appending![0m
[0;37m2025-10-30 17:57:20,300 [INFO   ] Received msg [setup][0m
[33;20m2025-10-30 17:57:20,301 [WARNING] Parameter-specific bounds are incomplete, falling back to ub/lb in [common][0m
[33;20m2025-10-30 17:59:38,137 [WARNING] Parameter-specific bounds are incomplete, falling back to ub/lb in [common][0m
[0;37m2025-10-30 17:59:38,138 [INFO   ] Found DB at ./databases/default.db, appending![0m
[0;37m2025-10-30 17:59:38,271 [INFO   ] Received msg [setup][0m
[33;20m2025-10-30 17:59:38,271 [WARNING] Parameter-specific bounds are incomplete, falling back to ub/lb in [common][0m
[33;20m2025-10-30 17:59:39,865 [WARNING] Strategy 'init_strat' has refit_every < min_asks even though its generator does not require a model. Consider making refit_every = min_asks to speed up point generation.[0m
[0;37m2025-10-30 17:59:39,916 [INFO   ] Received msg [ask][0m
[0;37m2025-10-30 17:59:39,918 [INFO   ] Received msg [ask][0m
[0;37m2025-10-30 17:59:39,918 [INFO   ] Received msg [ask][0m
[0;37m2025-10-30 17:59:39,919 [INFO   ] Received msg [ask][0m
[0;37m2025-10-30 17:59:39,920 [INFO   ] Received msg [ask][0m
[0;37m2025-10-30 17:59:39,920 [INFO   ] Received msg [ask][0m
[0;37m2025-10-30 17:59:39,921 [INFO   ] Received msg [ask][0m
[0;37m2025-10-30 17:59:39,921 [INFO   ] Received msg [ask][0m
[0;37m2025-10-30 17:59:39,922 [INFO   ] Received msg [ask][0m
[0;37m2025-10-30 17:59:39,922 [INFO   ] Received msg [ask][0m
[0;37m2025-10-30 17:59:39,923 [INFO   ] Received msg [ask][0m
[0;37m2025-10-30 17:59:39,923 [INFO   ] Received msg [ask][0m
[0;37m2025-10-30 17:59:39,924 [INFO   ] Received msg [ask][0m
[0;37m2025-10-30 17:59:39,924 [INFO   ] Received msg [ask][0m
[0;37m2025-10-30 17:59:39,925 [INFO   ] Received msg [ask][0m
[0;37m2025-10-30 17:59:39,926 [INFO   ] Received msg [ask][0m
[0;37m2025-10-30 17:59:39,926 [INFO   ] Received msg [ask][0m
[0;37m2025-10-30 17:59:39,927 [INFO   ] Received msg [ask][0m
[0;37m2025-10-30 17:59:39,927 [INFO   ] Received msg [ask][0m
[0;37m2025-10-30 17:59:39,928 [INFO   ] Received msg [ask][0m
[33;20m2025-10-30 18:00:05,532 [WARNING] Parameter-specific bounds are incomplete, falling back to ub/lb in [common][0m
[0;37m2025-10-30 18:00:05,535 [INFO   ] Found DB at ./databases/default.db, appending![0m
[0;37m2025-10-30 18:00:05,657 [INFO   ] Received msg [setup][0m
[33;20m2025-10-30 18:00:05,658 [WARNING] Parameter-specific bounds are incomplete, falling back to ub/lb in [common][0m
[33;20m2025-10-30 18:00:05,981 [WARNING] Strategy 'init_strat' has refit_every < min_asks even though its generator does not require a model. Consider making refit_every = min_asks to speed up point generation.[0m
[0;37m2025-10-30 18:00:06,027 [INFO   ] Received msg [ask][0m
[0;37m2025-10-30 18:00:06,028 [INFO   ] Received msg [ask][0m
[0;37m2025-10-30 18:00:06,029 [INFO   ] Received msg [ask][0m
[0;37m2025-10-30 18:00:06,029 [INFO   ] Received msg [ask][0m
[0;37m2025-10-30 18:00:06,030 [INFO   ] Received msg [ask][0m
[0;37m2025-10-30 18:00:06,030 [INFO   ] Received msg [ask][0m
[0;37m2025-10-30 18:00:06,031 [INFO   ] Received msg [ask][0m
[0;37m2025-10-30 18:00:06,032 [INFO   ] Received msg [ask][0m
[0;37m2025-10-30 18:00:06,032 [INFO   ] Received msg [ask][0m
[0;37m2025-10-30 18:00:06,033 [INFO   ] Received msg [ask][0m
[0;37m2025-10-30 18:00:06,033 [INFO   ] Received msg [ask][0m
[0;37m2025-10-30 18:00:06,034 [INFO   ] Received msg [ask][0m
[0;37m2025-10-30 18:00:06,034 [INFO   ] Received msg [ask][0m
[0;37m2025-10-30 18:00:06,035 [INFO   ] Received msg [ask][0m
[0;37m2025-10-30 18:00:06,035 [INFO   ] Received msg [ask][0m
[0;37m2025-10-30 18:00:06,035 [INFO   ] Received msg [ask][0m
[0;37m2025-10-30 18:00:06,036 [INFO   ] Received msg [ask][0m
[0;37m2025-10-30 18:00:06,036 [INFO   ] Received msg [ask][0m
[0;37m2025-10-30 18:00:06,036 [INFO   ] Received msg [ask][0m
[0;37m2025-10-30 18:00:06,037 [INFO   ] Received msg [ask][0m
[33;20m2025-10-30 18:00:24,072 [WARNING] Parameter-specific bounds are incomplete, falling back to ub/lb in [common][0m
[0;37m2025-10-30 18:00:24,074 [INFO   ] Found DB at ./databases/default.db, appending![0m
[0;37m2025-10-30 18:00:24,179 [INFO   ] Received msg [setup][0m
[33;20m2025-10-30 18:00:24,180 [WARNING] Parameter-specific bounds are incomplete, falling back to ub/lb in [common][0m
[33;20m2025-10-30 18:00:24,489 [WARNING] Strategy 'init_strat' has refit_every < min_asks even though its generator does not require a model. Consider making refit_every = min_asks to speed up point generation.[0m
[0;37m2025-10-30 18:00:24,535 [INFO   ] Received msg [ask][0m
[33;20m2025-10-30 18:00:38,994 [WARNING] Parameter-specific bounds are incomplete, falling back to ub/lb in [common][0m
[0;37m2025-10-30 18:00:38,995 [INFO   ] Found DB at ./databases/default.db, appending![0m
[0;37m2025-10-30 18:00:39,085 [INFO   ] Received msg [setup][0m
[33;20m2025-10-30 18:00:39,085 [WARNING] Parameter-specific bounds are incomplete, falling back to ub/lb in [common][0m
[33;20m2025-10-30 18:00:39,398 [WARNING] Strategy 'init_strat' has refit_every < min_asks even though its generator does not require a model. Consider making refit_every = min_asks to speed up point generation.[0m
[0;37m2025-10-30 18:00:39,435 [INFO   ] Received msg [ask][0m
[33;20m2025-10-30 18:00:53,038 [WARNING] Parameter-specific bounds are incomplete, falling back to ub/lb in [common][0m
[0;37m2025-10-30 18:00:53,039 [INFO   ] Found DB at ./databases/default.db, appending![0m
[0;37m2025-10-30 18:00:53,127 [INFO   ] Received msg [setup][0m
[33;20m2025-10-30 18:00:53,127 [WARNING] Parameter-specific bounds are incomplete, falling back to ub/lb in [common][0m
[33;20m2025-10-30 18:00:53,434 [WARNING] Strategy 'init_strat' has refit_every < min_asks even though its generator does not require a model. Consider making refit_every = min_asks to speed up point generation.[0m
[0;37m2025-10-30 18:00:53,478 [INFO   ] Received msg [ask][0m
[33;20m2025-10-30 18:01:10,781 [WARNING] Parameter-specific bounds are incomplete, falling back to ub/lb in [common][0m
[0;37m2025-10-30 18:01:10,783 [INFO   ] Found DB at ./databases/default.db, appending![0m
[0;37m2025-10-30 18:01:10,888 [INFO   ] Received msg [setup][0m
[33;20m2025-10-30 18:01:10,889 [WARNING] Parameter-specific bounds are incomplete, falling back to ub/lb in [common][0m
[33;20m2025-10-30 18:01:11,211 [WARNING] Strategy 'init_strat' has refit_every < min_asks even though its generator does not require a model. Consider making refit_every = min_asks to speed up point generation.[0m
[0;37m2025-10-30 18:01:11,254 [INFO   ] Received msg [ask][0m
[33;20m2025-10-30 18:01:23,042 [WARNING] Parameter-specific bounds are incomplete, falling back to ub/lb in [common][0m
[0;37m2025-10-30 18:01:23,043 [INFO   ] Found DB at ./databases/default.db, appending![0m
[0;37m2025-10-30 18:01:23,141 [INFO   ] Received msg [setup][0m
[33;20m2025-10-30 18:01:23,142 [WARNING] Parameter-specific bounds are incomplete, falling back to ub/lb in [common][0m
[33;20m2025-10-30 18:01:23,439 [WARNING] Strategy 'init_strat' has refit_every < min_asks even though its generator does not require a model. Consider making refit_every = min_asks to speed up point generation.[0m
[0;37m2025-10-30 18:01:23,476 [INFO   ] Received msg [ask][0m
[33;20m2025-10-30 18:01:33,133 [WARNING] Parameter-specific bounds are incomplete, falling back to ub/lb in [common][0m
[0;37m2025-10-30 18:01:33,135 [INFO   ] Found DB at ./databases/default.db, appending![0m
[0;37m2025-10-30 18:01:33,255 [INFO   ] Received msg [setup][0m
[33;20m2025-10-30 18:01:33,256 [WARNING] Parameter-specific bounds are incomplete, falling back to ub/lb in [common][0m
[33;20m2025-10-30 18:01:33,570 [WARNING] Strategy 'init_strat' has refit_every < min_asks even though its generator does not require a model. Consider making refit_every = min_asks to speed up point generation.[0m
[0;37m2025-10-30 18:01:33,609 [INFO   ] Received msg [ask][0m
[0;37m2025-10-30 18:01:33,628 [INFO   ] Received msg [tell][0m
[0;37m2025-10-30 18:01:33,645 [INFO   ] Received msg [ask][0m
[0;37m2025-10-30 18:01:33,664 [INFO   ] Received msg [tell][0m
[0;37m2025-10-30 18:01:33,684 [INFO   ] Received msg [ask][0m
[0;37m2025-10-30 18:01:33,704 [INFO   ] Received msg [tell][0m
[0;37m2025-10-30 18:01:33,727 [INFO   ] Received msg [ask][0m
[0;37m2025-10-30 18:01:33,752 [INFO   ] Received msg [tell][0m
[0;37m2025-10-30 18:01:33,772 [INFO   ] Received msg [ask][0m
[0;37m2025-10-30 18:01:33,794 [INFO   ] Received msg [tell][0m
[0;37m2025-10-30 18:01:33,814 [INFO   ] Received msg [ask][0m
[0;37m2025-10-30 18:01:33,838 [INFO   ] Received msg [tell][0m
[0;37m2025-10-30 18:01:33,860 [INFO   ] Received msg [ask][0m
[0;37m2025-10-30 18:01:33,884 [INFO   ] Received msg [tell][0m
[0;37m2025-10-30 18:01:33,907 [INFO   ] Received msg [ask][0m
[0;37m2025-10-30 18:01:33,926 [INFO   ] Received msg [tell][0m
[0;37m2025-10-30 18:01:33,946 [INFO   ] Received msg [ask][0m
[0;37m2025-10-30 18:01:33,967 [INFO   ] Received msg [tell][0m
[0;37m2025-10-30 18:01:33,986 [INFO   ] Received msg [ask][0m
[0;37m2025-10-30 18:01:34,006 [INFO   ] Received msg [tell][0m
[0;37m2025-10-30 18:01:34,029 [INFO   ] Received msg [ask][0m
[0;37m2025-10-30 18:01:34,055 [INFO   ] Received msg [tell][0m
[0;37m2025-10-30 18:01:34,076 [INFO   ] Received msg [ask][0m
[0;37m2025-10-30 18:01:34,097 [INFO   ] Received msg [tell][0m
[0;37m2025-10-30 18:01:34,114 [INFO   ] Received msg [ask][0m
[0;37m2025-10-30 18:01:34,134 [INFO   ] Received msg [tell][0m
[0;37m2025-10-30 18:01:34,156 [INFO   ] Received msg [ask][0m
[0;37m2025-10-30 18:01:34,177 [INFO   ] Received msg [tell][0m
[0;37m2025-10-30 18:01:34,195 [INFO   ] Received msg [ask][0m
[0;37m2025-10-30 18:01:34,216 [INFO   ] Received msg [tell][0m
[0;37m2025-10-30 18:01:34,235 [INFO   ] Received msg [ask][0m
[0;37m2025-10-30 18:01:34,253 [INFO   ] Received msg [tell][0m
[0;37m2025-10-30 18:01:34,271 [INFO   ] Received msg [ask][0m
[0;37m2025-10-30 18:01:34,290 [INFO   ] Received msg [tell][0m
[0;37m2025-10-30 18:01:34,306 [INFO   ] Received msg [ask][0m
[0;37m2025-10-30 18:01:34,323 [INFO   ] Received msg [tell][0m
[0;37m2025-10-30 18:01:34,341 [INFO   ] Received msg [ask][0m
[0;37m2025-10-30 18:01:34,361 [INFO   ] Received msg [tell][0m
[0;37m2025-10-30 18:01:34,379 [INFO   ] Received msg [ask][0m
[0;37m2025-10-30 18:01:34,398 [INFO   ] Received msg [tell][0m
[33;20m2025-10-30 18:01:47,979 [WARNING] Parameter-specific bounds are incomplete, falling back to ub/lb in [common][0m
[0;37m2025-10-30 18:01:47,980 [INFO   ] Found DB at ./databases/default.db, appending![0m
[0;37m2025-10-30 18:01:48,032 [INFO   ] DBMasterTable : update called[0m
[0;37m2025-10-30 18:01:48,045 [INFO   ] DbReplayTable : update called[0m
[0;37m2025-10-30 18:01:48,051 [INFO   ] DbStratTable : update called[0m
[0;37m2025-10-30 18:01:48,051 [INFO   ] DbConfigTable : update called[0m
[0;37m2025-10-30 18:01:48,052 [INFO   ] DbRawTable : update called[0m
[33;20m2025-10-30 18:02:00,067 [WARNING] Parameter-specific bounds are incomplete, falling back to ub/lb in [common][0m
[0;37m2025-10-30 18:02:00,068 [INFO   ] No DB found at ./databases/default.db, creating a new DB![0m
[0;37m2025-10-30 18:02:00,234 [INFO   ] Received msg [setup][0m
[33;20m2025-10-30 18:02:00,235 [WARNING] Parameter-specific bounds are incomplete, falling back to ub/lb in [common][0m
[33;20m2025-10-30 18:02:00,523 [WARNING] Strategy 'init_strat' has refit_every < min_asks even though its generator does not require a model. Consider making refit_every = min_asks to speed up point generation.[0m
[0;37m2025-10-30 18:02:00,562 [INFO   ] Received msg [ask][0m
[0;37m2025-10-30 18:02:00,580 [INFO   ] Received msg [tell][0m
[0;37m2025-10-30 18:02:00,690 [INFO   ] Received msg [ask][0m
[0;37m2025-10-30 18:02:00,692 [INFO   ] Starting fitting (no warm start)...[0m
[0;37m2025-10-30 18:02:00,967 [INFO   ] Fitting done, took 0.2753102779388428[0m
[0;37m2025-10-30 18:02:00,992 [INFO   ] Received msg [tell][0m
[0;37m2025-10-30 18:02:01,078 [INFO   ] Received msg [ask][0m
[0;37m2025-10-30 18:02:01,079 [INFO   ] Starting fitting (no warm start)...[0m
[0;37m2025-10-30 18:02:01,262 [INFO   ] Fitting done, took 0.18308329582214355[0m
[0;37m2025-10-30 18:02:01,288 [INFO   ] Received msg [tell][0m
[33;20m2025-10-30 18:02:17,695 [WARNING] Parameter-specific bounds are incomplete, falling back to ub/lb in [common][0m
[0;37m2025-10-30 18:02:17,696 [INFO   ] Found DB at ./databases/default.db, appending![0m
[0;37m2025-10-30 18:02:17,823 [INFO   ] Received msg [setup][0m
[33;20m2025-10-30 18:02:17,824 [WARNING] Parameter-specific bounds are incomplete, falling back to ub/lb in [common][0m
[33;20m2025-10-30 18:02:18,164 [WARNING] Strategy 'init_strat' has refit_every < min_asks even though its generator does not require a model. Consider making refit_every = min_asks to speed up point generation.[0m
[0;37m2025-10-30 18:02:18,212 [INFO   ] Received msg [ask][0m
[0;37m2025-10-30 18:02:18,242 [INFO   ] Received msg [tell][0m
[0;37m2025-10-30 18:02:18,375 [INFO   ] Received msg [ask][0m
[0;37m2025-10-30 18:02:18,375 [INFO   ] Starting fitting (no warm start)...[0m
[0;37m2025-10-30 18:02:18,635 [INFO   ] Fitting done, took 0.25911569595336914[0m
[0;37m2025-10-30 18:02:18,657 [INFO   ] Received msg [tell][0m
[0;37m2025-10-30 18:02:18,755 [INFO   ] Received msg [ask][0m
[0;37m2025-10-30 18:02:18,756 [INFO   ] Starting fitting (no warm start)...[0m
[0;37m2025-10-30 18:02:18,854 [INFO   ] Fitting done, took 0.09840512275695801[0m
[0;37m2025-10-30 18:02:18,880 [INFO   ] Received msg [tell][0m
[0;37m2025-10-30 18:02:19,008 [INFO   ] Received msg [ask][0m
[0;37m2025-10-30 18:02:19,009 [INFO   ] Starting fitting (no warm start)...[0m
[0;37m2025-10-30 18:02:19,097 [INFO   ] Fitting done, took 0.08796334266662598[0m
[0;37m2025-10-30 18:02:19,119 [INFO   ] Received msg [tell][0m
[0;37m2025-10-30 18:02:19,219 [INFO   ] Received msg [ask][0m
[0;37m2025-10-30 18:02:19,219 [INFO   ] Starting fitting (no warm start)...[0m
[0;37m2025-10-30 18:02:19,310 [INFO   ] Fitting done, took 0.09006619453430176[0m
[0;37m2025-10-30 18:02:19,331 [INFO   ] Received msg [tell][0m
[0;37m2025-10-30 18:02:19,436 [INFO   ] Received msg [ask][0m
[0;37m2025-10-30 18:02:19,436 [INFO   ] Starting fitting (no warm start)...[0m
[0;37m2025-10-30 18:02:19,542 [INFO   ] Fitting done, took 0.10516953468322754[0m
[0;37m2025-10-30 18:02:19,567 [INFO   ] Received msg [tell][0m
[0;37m2025-10-30 18:02:19,711 [INFO   ] Received msg [ask][0m
[0;37m2025-10-30 18:02:19,712 [INFO   ] Starting fitting (no warm start)...[0m
[0;37m2025-10-30 18:02:19,879 [INFO   ] Fitting done, took 0.16758298873901367[0m
[0;37m2025-10-30 18:02:19,903 [INFO   ] Received msg [tell][0m
[0;37m2025-10-30 18:02:20,013 [INFO   ] Received msg [ask][0m
[0;37m2025-10-30 18:02:20,013 [INFO   ] Starting fitting (no warm start)...[0m
[0;37m2025-10-30 18:02:20,189 [INFO   ] Fitting done, took 0.17521214485168457[0m
[0;37m2025-10-30 18:02:20,209 [INFO   ] Received msg [tell][0m
[0;37m2025-10-30 18:02:20,305 [INFO   ] Received msg [ask][0m
[0;37m2025-10-30 18:02:20,306 [INFO   ] Starting fitting (no warm start)...[0m
[0;37m2025-10-30 18:02:20,418 [INFO   ] Fitting done, took 0.11193156242370605[0m
[0;37m2025-10-30 18:02:20,440 [INFO   ] Received msg [tell][0m
[0;37m2025-10-30 18:02:20,540 [INFO   ] Received msg [ask][0m
[0;37m2025-10-30 18:02:20,541 [INFO   ] Starting fitting (no warm start)...[0m
[0;37m2025-10-30 18:02:20,658 [INFO   ] Fitting done, took 0.11680817604064941[0m
[0;37m2025-10-30 18:02:20,679 [INFO   ] Received msg [tell][0m
[0;37m2025-10-30 18:02:20,779 [INFO   ] Received msg [ask][0m
[0;37m2025-10-30 18:02:20,780 [INFO   ] Starting fitting (no warm start)...[0m
[0;37m2025-10-30 18:02:20,892 [INFO   ] Fitting done, took 0.11159801483154297[0m
[0;37m2025-10-30 18:02:20,913 [INFO   ] Received msg [tell][0m
[0;37m2025-10-30 18:02:21,013 [INFO   ] Received msg [ask][0m
[0;37m2025-10-30 18:02:21,014 [INFO   ] Starting fitting (no warm start)...[0m
[0;37m2025-10-30 18:02:21,130 [INFO   ] Fitting done, took 0.11680769920349121[0m
[0;37m2025-10-30 18:02:21,152 [INFO   ] Received msg [tell][0m
[0;37m2025-10-30 18:02:21,255 [INFO   ] Received msg [ask][0m
[0;37m2025-10-30 18:02:21,255 [INFO   ] Starting fitting (no warm start)...[0m
[0;37m2025-10-30 18:02:21,374 [INFO   ] Fitting done, took 0.11849546432495117[0m
[0;37m2025-10-30 18:02:21,395 [INFO   ] Received msg [tell][0m
[0;37m2025-10-30 18:02:21,490 [INFO   ] Received msg [ask][0m
[0;37m2025-10-30 18:02:21,491 [INFO   ] Starting fitting (no warm start)...[0m
[0;37m2025-10-30 18:02:21,680 [INFO   ] Fitting done, took 0.18915462493896484[0m
[0;37m2025-10-30 18:02:21,702 [INFO   ] Received msg [tell][0m
[0;37m2025-10-30 18:02:21,798 [INFO   ] Received msg [ask][0m
[0;37m2025-10-30 18:02:21,798 [INFO   ] Starting fitting (no warm start)...[0m
[0;37m2025-10-30 18:02:21,944 [INFO   ] Fitting done, took 0.14602279663085938[0m
[0;37m2025-10-30 18:02:21,966 [INFO   ] Received msg [tell][0m
[0;37m2025-10-30 18:02:22,072 [INFO   ] Received msg [ask][0m
[0;37m2025-10-30 18:02:22,073 [INFO   ] Starting fitting (no warm start)...[0m
[0;37m2025-10-30 18:02:22,193 [INFO   ] Fitting done, took 0.12044739723205566[0m
[0;37m2025-10-30 18:02:22,215 [INFO   ] Received msg [tell][0m
[0;37m2025-10-30 18:02:22,314 [INFO   ] Received msg [ask][0m
[0;37m2025-10-30 18:02:22,314 [INFO   ] Starting fitting (no warm start)...[0m
[0;37m2025-10-30 18:02:22,435 [INFO   ] Fitting done, took 0.12080216407775879[0m
[0;37m2025-10-30 18:02:22,457 [INFO   ] Received msg [tell][0m
[0;37m2025-10-30 18:02:22,551 [INFO   ] Received msg [ask][0m
[0;37m2025-10-30 18:02:22,552 [INFO   ] Starting fitting (no warm start)...[0m
[0;37m2025-10-30 18:02:22,684 [INFO   ] Fitting done, took 0.13242340087890625[0m
[0;37m2025-10-30 18:02:22,706 [INFO   ] Received msg [tell][0m
[0;37m2025-10-30 18:02:22,802 [INFO   ] Received msg [ask][0m
[0;37m2025-10-30 18:02:22,802 [INFO   ] Starting fitting (no warm start)...[0m
[0;37m2025-10-30 18:02:22,936 [INFO   ] Fitting done, took 0.13322758674621582[0m
[0;37m2025-10-30 18:02:22,958 [INFO   ] Received msg [tell][0m
[0;37m2025-10-30 18:02:23,058 [INFO   ] Received msg [ask][0m
[0;37m2025-10-30 18:02:23,059 [INFO   ] Starting fitting (no warm start)...[0m
[0;37m2025-10-30 18:02:23,191 [INFO   ] Fitting done, took 0.13268232345581055[0m
[0;37m2025-10-30 18:02:23,213 [INFO   ] Received msg [tell][0m
[33;20m2025-10-30 19:27:47,544 [WARNING] Parameter-specific bounds are incomplete, falling back to ub/lb in [common][0m
[0;37m2025-10-30 19:27:47,546 [INFO   ] Found DB at ./databases/default.db, appending![0m
[0;37m2025-10-30 19:27:47,651 [INFO   ] Received msg [setup][0m
[33;20m2025-10-30 19:27:47,652 [WARNING] Parameter-specific bounds are incomplete, falling back to ub/lb in [common][0m
[33;20m2025-10-30 19:27:48,224 [WARNING] Strategy 'init_strat' has refit_every < min_asks even though its generator does not require a model. Consider making refit_every = min_asks to speed up point generation.[0m
[0;37m2025-10-30 19:27:48,273 [INFO   ] Received msg [ask][0m
[0;37m2025-10-30 19:27:48,298 [INFO   ] Received msg [tell][0m
[0;37m2025-10-30 19:27:48,416 [INFO   ] Received msg [ask][0m
[0;37m2025-10-30 19:27:48,417 [INFO   ] Starting fitting (no warm start)...[0m
[0;37m2025-10-30 19:27:48,702 [INFO   ] Fitting done, took 0.28517746925354004[0m
[0;37m2025-10-30 19:27:48,729 [INFO   ] Received msg [tell][0m
[0;37m2025-10-30 19:27:48,824 [INFO   ] Received msg [ask][0m
[0;37m2025-10-30 19:27:48,824 [INFO   ] Starting fitting (no warm start)...[0m
[0;37m2025-10-30 19:27:48,978 [INFO   ] Fitting done, took 0.15360713005065918[0m
[0;37m2025-10-30 19:27:49,005 [INFO   ] Received msg [tell][0m
[0;37m2025-10-30 19:27:49,109 [INFO   ] Received msg [ask][0m
[0;37m2025-10-30 19:27:49,109 [INFO   ] Starting fitting (no warm start)...[0m
[0;37m2025-10-30 19:27:49,294 [INFO   ] Fitting done, took 0.1845555305480957[0m
[0;37m2025-10-30 19:27:49,324 [INFO   ] Received msg [tell][0m
[0;37m2025-10-30 19:27:49,421 [INFO   ] Received msg [ask][0m
[0;37m2025-10-30 19:27:49,421 [INFO   ] Starting fitting (no warm start)...[0m
[0;37m2025-10-30 19:27:49,512 [INFO   ] Fitting done, took 0.0906212329864502[0m
[0;37m2025-10-30 19:27:49,537 [INFO   ] Received msg [tell][0m
[0;37m2025-10-30 19:27:49,630 [INFO   ] Received msg [ask][0m
[0;37m2025-10-30 19:27:49,630 [INFO   ] Starting fitting (no warm start)...[0m
[0;37m2025-10-30 19:27:49,784 [INFO   ] Fitting done, took 0.15402483940124512[0m
[0;37m2025-10-30 19:27:49,809 [INFO   ] Received msg [tell][0m
[0;37m2025-10-30 19:27:49,906 [INFO   ] Received msg [ask][0m
[0;37m2025-10-30 19:27:49,907 [INFO   ] Starting fitting (no warm start)...[0m
[0;37m2025-10-30 19:27:50,030 [INFO   ] Fitting done, took 0.12360119819641113[0m
[0;37m2025-10-30 19:27:50,055 [INFO   ] Received msg [tell][0m
[0;37m2025-10-30 19:27:50,153 [INFO   ] Received msg [ask][0m
[0;37m2025-10-30 19:27:50,153 [INFO   ] Starting fitting (no warm start)...[0m
[0;37m2025-10-30 19:27:50,283 [INFO   ] Fitting done, took 0.12993311882019043[0m
[0;37m2025-10-30 19:27:50,308 [INFO   ] Received msg [tell][0m
[0;37m2025-10-30 19:27:50,401 [INFO   ] Received msg [ask][0m
[0;37m2025-10-30 19:27:50,401 [INFO   ] Starting fitting (no warm start)...[0m
[0;37m2025-10-30 19:27:50,533 [INFO   ] Fitting done, took 0.13109683990478516[0m
[0;37m2025-10-30 19:27:50,555 [INFO   ] Received msg [tell][0m
[0;37m2025-10-30 19:27:50,651 [INFO   ] Received msg [ask][0m
[0;37m2025-10-30 19:27:50,651 [INFO   ] Starting fitting (no warm start)...[0m
[0;37m2025-10-30 19:27:50,796 [INFO   ] Fitting done, took 0.14465117454528809[0m
[0;37m2025-10-30 19:27:50,822 [INFO   ] Received msg [tell][0m
[0;37m2025-10-30 19:27:50,917 [INFO   ] Received msg [ask][0m
[0;37m2025-10-30 19:27:50,918 [INFO   ] Starting fitting (no warm start)...[0m
[0;37m2025-10-30 19:27:51,094 [INFO   ] Fitting done, took 0.17587494850158691[0m
[0;37m2025-10-30 19:27:51,118 [INFO   ] Received msg [tell][0m
[0;37m2025-10-30 19:27:51,212 [INFO   ] Received msg [ask][0m
[0;37m2025-10-30 19:27:51,212 [INFO   ] Starting fitting (no warm start)...[0m
[0;37m2025-10-30 19:27:51,445 [INFO   ] Fitting done, took 0.2323596477508545[0m
[0;37m2025-10-30 19:27:51,468 [INFO   ] Received msg [tell][0m
[0;37m2025-10-30 19:27:51,562 [INFO   ] Received msg [ask][0m
[0;37m2025-10-30 19:27:51,563 [INFO   ] Starting fitting (no warm start)...[0m
[0;37m2025-10-30 19:27:51,754 [INFO   ] Fitting done, took 0.1912846565246582[0m
[0;37m2025-10-30 19:27:51,778 [INFO   ] Received msg [tell][0m
[0;37m2025-10-30 19:27:51,868 [INFO   ] Received msg [ask][0m
[0;37m2025-10-30 19:27:51,869 [INFO   ] Starting fitting (no warm start)...[0m
[0;37m2025-10-30 19:27:52,186 [INFO   ] Fitting done, took 0.3169577121734619[0m
[0;37m2025-10-30 19:27:52,213 [INFO   ] Received msg [tell][0m
[0;37m2025-10-30 19:27:52,308 [INFO   ] Received msg [ask][0m
[0;37m2025-10-30 19:27:52,309 [INFO   ] Starting fitting (no warm start)...[0m
[0;37m2025-10-30 19:27:52,522 [INFO   ] Fitting done, took 0.2131209373474121[0m
[0;37m2025-10-30 19:27:52,548 [INFO   ] Received msg [tell][0m
[0;37m2025-10-30 19:27:52,641 [INFO   ] Received msg [ask][0m
[0;37m2025-10-30 19:27:52,641 [INFO   ] Starting fitting (no warm start)...[0m
[0;37m2025-10-30 19:27:52,924 [INFO   ] Fitting done, took 0.2825894355773926[0m
[0;37m2025-10-30 19:27:52,948 [INFO   ] Received msg [tell][0m
[0;37m2025-10-30 19:27:53,039 [INFO   ] Received msg [ask][0m
[0;37m2025-10-30 19:27:53,039 [INFO   ] Starting fitting (no warm start)...[0m
[0;37m2025-10-30 19:27:53,411 [INFO   ] Fitting done, took 0.3719470500946045[0m
[0;37m2025-10-30 19:27:53,436 [INFO   ] Received msg [tell][0m
[0;37m2025-10-30 19:27:53,529 [INFO   ] Received msg [ask][0m
[0;37m2025-10-30 19:27:53,529 [INFO   ] Starting fitting (no warm start)...[0m
[0;37m2025-10-30 19:27:53,803 [INFO   ] Fitting done, took 0.2736356258392334[0m
[0;37m2025-10-30 19:27:53,827 [INFO   ] Received msg [tell][0m
[0;37m2025-10-30 19:27:53,919 [INFO   ] Received msg [ask][0m
[0;37m2025-10-30 19:27:53,919 [INFO   ] Starting fitting (no warm start)...[0m
[0;37m2025-10-30 19:27:54,127 [INFO   ] Fitting done, took 0.20833396911621094[0m
[0;37m2025-10-30 19:27:54,151 [INFO   ] Received msg [tell][0m
[0;37m2025-10-30 19:27:54,248 [INFO   ] Received msg [ask][0m
[0;37m2025-10-30 19:27:54,248 [INFO   ] Starting fitting (no warm start)...[0m
[0;37m2025-10-30 19:27:54,506 [INFO   ] Fitting done, took 0.25748538970947266[0m
[0;37m2025-10-30 19:27:54,532 [INFO   ] Received msg [tell][0m
[33;20m2025-10-30 19:29:28,741 [WARNING] Parameter-specific bounds are incomplete, falling back to ub/lb in [common][0m
[0;37m2025-10-30 19:29:28,743 [INFO   ] Found DB at ./databases/default.db, appending![0m
[0;37m2025-10-30 19:29:28,908 [INFO   ] Received msg [setup][0m
[33;20m2025-10-30 19:29:28,909 [WARNING] Parameter-specific bounds are incomplete, falling back to ub/lb in [common][0m
[33;20m2025-10-30 19:29:29,673 [WARNING] Strategy 'init_strat' has refit_every < min_asks even though its generator does not require a model. Consider making refit_every = min_asks to speed up point generation.[0m
[0;37m2025-10-30 19:29:29,711 [INFO   ] Received msg [ask][0m
[0;37m2025-10-30 19:29:27,053 [INFO   ] Received msg [tell][0m
[0;37m2025-10-30 19:29:27,163 [INFO   ] Received msg [ask][0m
[0;37m2025-10-30 19:29:27,164 [INFO   ] Starting fitting (no warm start)...[0m
[0;37m2025-10-30 19:29:27,419 [INFO   ] Fitting done, took 0.25478458404541016[0m
[0;37m2025-10-30 19:29:27,444 [INFO   ] Received msg [tell][0m
[0;37m2025-10-30 19:29:27,581 [INFO   ] Received msg [ask][0m
[0;37m2025-10-30 19:29:27,582 [INFO   ] Starting fitting (no warm start)...[0m
[0;37m2025-10-30 19:29:27,689 [INFO   ] Fitting done, took 0.10743975639343262[0m
[33;20m2025-10-30 19:29:53,961 [WARNING] Parameter-specific bounds are incomplete, falling back to ub/lb in [common][0m
[0;37m2025-10-30 19:29:53,963 [INFO   ] Found DB at ./databases/default.db, appending![0m
[0;37m2025-10-30 19:29:54,083 [INFO   ] Received msg [setup][0m
[33;20m2025-10-30 19:29:54,084 [WARNING] Parameter-specific bounds are incomplete, falling back to ub/lb in [common][0m
[33;20m2025-10-30 19:29:54,519 [WARNING] Strategy 'init_strat' has refit_every < min_asks even though its generator does not require a model. Consider making refit_every = min_asks to speed up point generation.[0m
[0;37m2025-10-30 19:29:54,560 [INFO   ] Received msg [ask][0m
[0;37m2025-10-30 19:29:54,584 [INFO   ] Received msg [tell][0m
[0;37m2025-10-30 19:29:54,691 [INFO   ] Received msg [ask][0m
[0;37m2025-10-30 19:29:54,692 [INFO   ] Starting fitting (no warm start)...[0m
[0;37m2025-10-30 19:29:54,963 [INFO   ] Fitting done, took 0.27155089378356934[0m
[0;37m2025-10-30 19:29:54,987 [INFO   ] Received msg [tell][0m
[0;37m2025-10-30 19:29:55,089 [INFO   ] Received msg [ask][0m
[0;37m2025-10-30 19:29:55,090 [INFO   ] Starting fitting (no warm start)...[0m
[0;37m2025-10-30 19:29:55,286 [INFO   ] Fitting done, took 0.1961824893951416[0m
[33;20m2025-10-30 19:30:25,399 [WARNING] Parameter-specific bounds are incomplete, falling back to ub/lb in [common][0m
[0;37m2025-10-30 19:30:25,401 [INFO   ] Found DB at ./databases/default.db, appending![0m
[0;37m2025-10-30 19:30:25,497 [INFO   ] Received msg [setup][0m
[33;20m2025-10-30 19:30:25,497 [WARNING] Parameter-specific bounds are incomplete, falling back to ub/lb in [common][0m
[33;20m2025-10-30 19:30:25,869 [WARNING] Strategy 'init_strat' has refit_every < min_asks even though its generator does not require a model. Consider making refit_every = min_asks to speed up point generation.[0m
[0;37m2025-10-30 19:30:25,910 [INFO   ] Received msg [ask][0m
[0;37m2025-10-30 19:30:25,931 [INFO   ] Received msg [tell][0m
[0;37m2025-10-30 19:30:26,039 [INFO   ] Received msg [ask][0m
[0;37m2025-10-30 19:30:26,039 [INFO   ] Starting fitting (no warm start)...[0m
[0;37m2025-10-30 19:30:26,292 [INFO   ] Fitting done, took 0.2531301975250244[0m
[0;37m2025-10-30 19:30:26,319 [INFO   ] Received msg [tell][0m
[0;37m2025-10-30 19:30:26,410 [INFO   ] Received msg [ask][0m
[0;37m2025-10-30 19:30:26,411 [INFO   ] Starting fitting (no warm start)...[0m
[0;37m2025-10-30 19:30:26,587 [INFO   ] Fitting done, took 0.1768200397491455[0m
[0;37m2025-10-30 19:30:26,612 [INFO   ] Received msg [tell][0m
[0;37m2025-10-30 19:30:26,715 [INFO   ] Received msg [ask][0m
[0;37m2025-10-30 19:30:26,715 [INFO   ] Starting fitting (no warm start)...[0m
[0;37m2025-10-30 19:30:26,889 [INFO   ] Fitting done, took 0.1739516258239746[0m
[0;37m2025-10-30 19:30:26,914 [INFO   ] Received msg [tell][0m
[0;37m2025-10-30 19:30:27,015 [INFO   ] Received msg [ask][0m
[0;37m2025-10-30 19:30:27,016 [INFO   ] Starting fitting (no warm start)...[0m
[0;37m2025-10-30 19:30:27,202 [INFO   ] Fitting done, took 0.1858654022216797[0m
[0;37m2025-10-30 19:30:27,226 [INFO   ] Received msg [tell][0m
[0;37m2025-10-30 19:30:27,318 [INFO   ] Received msg [ask][0m
[0;37m2025-10-30 19:30:27,318 [INFO   ] Starting fitting (no warm start)...[0m
[0;37m2025-10-30 19:30:27,476 [INFO   ] Fitting done, took 0.15785622596740723[0m
[0;37m2025-10-30 19:30:27,500 [INFO   ] Received msg [tell][0m
[0;37m2025-10-30 19:30:27,601 [INFO   ] Received msg [ask][0m
[0;37m2025-10-30 19:30:27,602 [INFO   ] Starting fitting (no warm start)...[0m
[0;37m2025-10-30 19:30:27,822 [INFO   ] Fitting done, took 0.22009611129760742[0m
[0;37m2025-10-30 19:30:27,845 [INFO   ] Received msg [tell][0m
[0;37m2025-10-30 19:30:27,937 [INFO   ] Received msg [ask][0m
[0;37m2025-10-30 19:30:27,938 [INFO   ] Starting fitting (no warm start)...[0m
[0;37m2025-10-30 19:30:28,152 [INFO   ] Fitting done, took 0.21387410163879395[0m
[0;37m2025-10-30 19:30:28,174 [INFO   ] Received msg [tell][0m
[0;37m2025-10-30 19:30:28,270 [INFO   ] Received msg [ask][0m
[0;37m2025-10-30 19:30:28,271 [INFO   ] Starting fitting (no warm start)...[0m
[0;37m2025-10-30 19:30:28,514 [INFO   ] Fitting done, took 0.24284029006958008[0m
[0;37m2025-10-30 19:30:28,537 [INFO   ] Received msg [tell][0m
[0;37m2025-10-30 19:30:28,641 [INFO   ] Received msg [ask][0m
[0;37m2025-10-30 19:30:28,641 [INFO   ] Starting fitting (no warm start)...[0m
[0;37m2025-10-30 19:30:28,826 [INFO   ] Fitting done, took 0.18463444709777832[0m
[0;37m2025-10-30 19:30:28,852 [INFO   ] Received msg [tell][0m
[0;37m2025-10-30 19:30:28,945 [INFO   ] Received msg [ask][0m
[0;37m2025-10-30 19:30:28,945 [INFO   ] Starting fitting (no warm start)...[0m
[0;37m2025-10-30 19:30:29,142 [INFO   ] Fitting done, took 0.19652462005615234[0m
[0;37m2025-10-30 19:30:29,171 [INFO   ] Received msg [tell][0m
[0;37m2025-10-30 19:30:29,266 [INFO   ] Received msg [ask][0m
[0;37m2025-10-30 19:30:29,266 [INFO   ] Starting fitting (no warm start)...[0m
[0;37m2025-10-30 19:30:29,536 [INFO   ] Fitting done, took 0.2695472240447998[0m
[0;37m2025-10-30 19:30:29,560 [INFO   ] Received msg [tell][0m
[0;37m2025-10-30 19:30:29,654 [INFO   ] Received msg [ask][0m
[0;37m2025-10-30 19:30:29,655 [INFO   ] Starting fitting (no warm start)...[0m
[0;37m2025-10-30 19:30:30,001 [INFO   ] Fitting done, took 0.346785306930542[0m
[0;37m2025-10-30 19:30:30,024 [INFO   ] Received msg [tell][0m
[0;37m2025-10-30 19:30:30,131 [INFO   ] Received msg [ask][0m
[0;37m2025-10-30 19:30:30,131 [INFO   ] Starting fitting (no warm start)...[0m
[0;37m2025-10-30 19:30:30,579 [INFO   ] Fitting done, took 0.44777512550354004[0m
[0;37m2025-10-30 19:30:30,603 [INFO   ] Received msg [tell][0m
[0;37m2025-10-30 19:30:30,705 [INFO   ] Received msg [ask][0m
[0;37m2025-10-30 19:30:30,706 [INFO   ] Starting fitting (no warm start)...[0m
[0;37m2025-10-30 19:30:31,008 [INFO   ] Fitting done, took 0.3023991584777832[0m
[0;37m2025-10-30 19:30:31,033 [INFO   ] Received msg [tell][0m
[0;37m2025-10-30 19:30:31,128 [INFO   ] Received msg [ask][0m
[0;37m2025-10-30 19:30:31,128 [INFO   ] Starting fitting (no warm start)...[0m
[0;37m2025-10-30 19:30:31,405 [INFO   ] Fitting done, took 0.27654147148132324[0m
[0;37m2025-10-30 19:30:31,431 [INFO   ] Received msg [tell][0m
[0;37m2025-10-30 19:30:31,525 [INFO   ] Received msg [ask][0m
[0;37m2025-10-30 19:30:31,525 [INFO   ] Starting fitting (no warm start)...[0m
[0;37m2025-10-30 19:30:31,810 [INFO   ] Fitting done, took 0.28473448753356934[0m
[0;37m2025-10-30 19:30:31,834 [INFO   ] Received msg [tell][0m
[0;37m2025-10-30 19:30:31,925 [INFO   ] Received msg [ask][0m
[0;37m2025-10-30 19:30:31,926 [INFO   ] Starting fitting (no warm start)...[0m
[0;37m2025-10-30 19:30:32,183 [INFO   ] Fitting done, took 0.2575876712799072[0m
[0;37m2025-10-30 19:30:32,208 [INFO   ] Received msg [tell][0m
[0;37m2025-10-30 19:30:32,304 [INFO   ] Received msg [ask][0m
[0;37m2025-10-30 19:30:32,305 [INFO   ] Starting fitting (no warm start)...[0m
[0;37m2025-10-30 19:30:32,543 [INFO   ] Fitting done, took 0.2382957935333252[0m
[0;37m2025-10-30 19:30:32,568 [INFO   ] Received msg [tell][0m
[0;37m2025-10-30 19:30:32,667 [INFO   ] Received msg [ask][0m
[0;37m2025-10-30 19:30:32,667 [INFO   ] Starting fitting (no warm start)...[0m
[0;37m2025-10-30 19:30:32,911 [INFO   ] Fitting done, took 0.24366474151611328[0m
[0;37m2025-10-30 19:30:32,931 [INFO   ] Received msg [tell][0m
[0;37m2025-10-30 19:30:33,023 [INFO   ] Received msg [ask][0m
[0;37m2025-10-30 19:30:33,024 [INFO   ] Starting fitting (no warm start)...[0m
[0;37m2025-10-30 19:30:33,344 [INFO   ] Fitting done, took 0.3202662467956543[0m
[0;37m2025-10-30 19:30:33,364 [INFO   ] Received msg [tell][0m
[33;20m2025-10-30 19:30:55,174 [WARNING] Parameter-specific bounds are incomplete, falling back to ub/lb in [common][0m
[0;37m2025-10-30 19:30:55,176 [INFO   ] Found DB at ./databases/default.db, appending![0m
[0;37m2025-10-30 19:30:55,282 [INFO   ] Received msg [setup][0m
[33;20m2025-10-30 19:30:55,283 [WARNING] Parameter-specific bounds are incomplete, falling back to ub/lb in [common][0m
[33;20m2025-10-30 19:30:55,658 [WARNING] Strategy 'init_strat' has refit_every < min_asks even though its generator does not require a model. Consider making refit_every = min_asks to speed up point generation.[0m
[0;37m2025-10-30 19:30:55,706 [INFO   ] Received msg [ask][0m
[0;37m2025-10-30 19:30:55,732 [INFO   ] Received msg [tell][0m
[0;37m2025-10-30 19:30:55,843 [INFO   ] Received msg [ask][0m
[0;37m2025-10-30 19:30:55,844 [INFO   ] Starting fitting (no warm start)...[0m
[0;37m2025-10-30 19:30:56,128 [INFO   ] Fitting done, took 0.28386783599853516[0m
[0;37m2025-10-30 19:30:56,156 [INFO   ] Received msg [tell][0m
[0;37m2025-10-30 19:30:56,261 [INFO   ] Received msg [ask][0m
[0;37m2025-10-30 19:30:56,262 [INFO   ] Starting fitting (no warm start)...[0m
[0;37m2025-10-30 19:30:56,350 [INFO   ] Fitting done, took 0.0876319408416748[0m
[0;37m2025-10-30 19:31:03,175 [INFO   ] Received msg [tell][0m
[0;37m2025-10-30 19:31:03,284 [INFO   ] Received msg [ask][0m
[0;37m2025-10-30 19:31:03,285 [INFO   ] Starting fitting (no warm start)...[0m
[0;37m2025-10-30 19:31:03,428 [INFO   ] Fitting done, took 0.1429750919342041[0m
[0;37m2025-10-30 19:31:03,452 [INFO   ] Received msg [tell][0m
[0;37m2025-10-30 19:31:03,548 [INFO   ] Received msg [ask][0m
[0;37m2025-10-30 19:31:03,549 [INFO   ] Starting fitting (no warm start)...[0m
[0;37m2025-10-30 19:31:03,631 [INFO   ] Fitting done, took 0.08233904838562012[0m
[0;37m2025-10-30 19:31:03,652 [INFO   ] Received msg [tell][0m
[0;37m2025-10-30 19:31:03,762 [INFO   ] Received msg [ask][0m
[0;37m2025-10-30 19:31:03,763 [INFO   ] Starting fitting (no warm start)...[0m
[0;37m2025-10-30 19:31:03,860 [INFO   ] Fitting done, took 0.09758377075195312[0m
[0;37m2025-10-30 19:31:10,709 [INFO   ] Received msg [tell][0m
[0;37m2025-10-30 19:31:10,810 [INFO   ] Received msg [ask][0m
[0;37m2025-10-30 19:31:10,810 [INFO   ] Starting fitting (no warm start)...[0m
[0;37m2025-10-30 19:31:10,911 [INFO   ] Fitting done, took 0.10088133811950684[0m
[0;37m2025-10-30 19:31:10,934 [INFO   ] Received msg [tell][0m
[0;37m2025-10-30 19:31:11,038 [INFO   ] Received msg [ask][0m
[0;37m2025-10-30 19:31:11,038 [INFO   ] Starting fitting (no warm start)...[0m
[0;37m2025-10-30 19:31:11,135 [INFO   ] Fitting done, took 0.09674406051635742[0m
[0;37m2025-10-30 19:31:11,154 [INFO   ] Received msg [tell][0m
[0;37m2025-10-30 19:31:11,249 [INFO   ] Received msg [ask][0m
[0;37m2025-10-30 19:31:11,249 [INFO   ] Starting fitting (no warm start)...[0m
[0;37m2025-10-30 19:31:11,369 [INFO   ] Fitting done, took 0.11936497688293457[0m
[0;37m2025-10-30 19:31:18,256 [INFO   ] Received msg [tell][0m
[0;37m2025-10-30 19:31:18,353 [INFO   ] Received msg [ask][0m
[0;37m2025-10-30 19:31:18,354 [INFO   ] Starting fitting (no warm start)...[0m
[0;37m2025-10-30 19:31:18,468 [INFO   ] Fitting done, took 0.11381387710571289[0m
[0;37m2025-10-30 19:31:18,489 [INFO   ] Received msg [tell][0m
[0;37m2025-10-30 19:31:18,585 [INFO   ] Received msg [ask][0m
[0;37m2025-10-30 19:31:18,585 [INFO   ] Starting fitting (no warm start)...[0m
[0;37m2025-10-30 19:31:18,707 [INFO   ] Fitting done, took 0.12111759185791016[0m
[0;37m2025-10-30 19:31:18,728 [INFO   ] Received msg [tell][0m
[0;37m2025-10-30 19:31:18,826 [INFO   ] Received msg [ask][0m
[0;37m2025-10-30 19:31:18,826 [INFO   ] Starting fitting (no warm start)...[0m
[0;37m2025-10-30 19:31:18,949 [INFO   ] Fitting done, took 0.12251091003417969[0m
[0;37m2025-10-30 19:31:23,489 [INFO   ] Received msg [tell][0m
[0;37m2025-10-30 19:31:23,584 [INFO   ] Received msg [ask][0m
[0;37m2025-10-30 19:31:23,584 [INFO   ] Starting fitting (no warm start)...[0m
[0;37m2025-10-30 19:31:24,403 [INFO   ] Fitting done, took 0.8191196918487549[0m
[0;37m2025-10-30 19:31:24,424 [INFO   ] Received msg [tell][0m
[0;37m2025-10-30 19:31:24,518 [INFO   ] Received msg [ask][0m
[0;37m2025-10-30 19:31:24,519 [INFO   ] Starting fitting (no warm start)...[0m
[0;37m2025-10-30 19:31:24,694 [INFO   ] Fitting done, took 0.17461752891540527[0m
[0;37m2025-10-30 19:31:24,717 [INFO   ] Received msg [tell][0m
[0;37m2025-10-30 19:31:24,816 [INFO   ] Received msg [ask][0m
[0;37m2025-10-30 19:31:24,817 [INFO   ] Starting fitting (no warm start)...[0m
[0;37m2025-10-30 19:31:25,120 [INFO   ] Fitting done, took 0.30345630645751953[0m
[0;37m2025-10-30 19:31:31,951 [INFO   ] Received msg [tell][0m
[0;37m2025-10-30 19:31:32,046 [INFO   ] Received msg [ask][0m
[0;37m2025-10-30 19:31:32,046 [INFO   ] Starting fitting (no warm start)...[0m
[0;37m2025-10-30 19:31:32,273 [INFO   ] Fitting done, took 0.2272493839263916[0m
[0;37m2025-10-30 19:31:32,296 [INFO   ] Received msg [tell][0m
[0;37m2025-10-30 19:31:32,394 [INFO   ] Received msg [ask][0m
[0;37m2025-10-30 19:31:32,395 [INFO   ] Starting fitting (no warm start)...[0m
[0;37m2025-10-30 19:31:32,615 [INFO   ] Fitting done, took 0.22066283226013184[0m
[0;37m2025-10-30 19:31:32,637 [INFO   ] Received msg [tell][0m
[0;37m2025-10-30 19:31:32,737 [INFO   ] Received msg [ask][0m
[0;37m2025-10-30 19:31:32,737 [INFO   ] Starting fitting (no warm start)...[0m
[0;37m2025-10-30 19:31:32,980 [INFO   ] Fitting done, took 0.24298477172851562[0m
[0;37m2025-10-30 19:31:39,801 [INFO   ] Received msg [tell][0m
[0;37m2025-10-30 19:31:39,899 [INFO   ] Received msg [ask][0m
[0;37m2025-10-30 19:31:39,899 [INFO   ] Starting fitting (no warm start)...[0m
[0;37m2025-10-30 19:31:40,155 [INFO   ] Fitting done, took 0.2554514408111572[0m
[0;37m2025-10-30 19:31:40,177 [INFO   ] Received msg [tell][0m
[0;37m2025-10-30 19:31:40,278 [INFO   ] Received msg [ask][0m
[0;37m2025-10-30 19:31:40,278 [INFO   ] Starting fitting (no warm start)...[0m
[0;37m2025-10-30 19:31:40,497 [INFO   ] Fitting done, took 0.21880340576171875[0m
[0;37m2025-10-30 19:31:40,517 [INFO   ] Received msg [tell][0m
[0;37m2025-10-30 19:31:40,612 [INFO   ] Received msg [ask][0m
[0;37m2025-10-30 19:31:40,613 [INFO   ] Starting fitting (no warm start)...[0m
[0;37m2025-10-30 19:31:40,885 [INFO   ] Fitting done, took 0.27185869216918945[0m
[0;37m2025-10-30 19:31:47,703 [INFO   ] Received msg [tell][0m
[33;20m2025-11-03 11:59:11,892 [WARNING] Parameter-specific bounds are incomplete, falling back to ub/lb in [common][0m
[0;37m2025-11-03 11:59:11,894 [INFO   ] Found DB at ./databases/default.db, appending![0m
[0;37m2025-11-03 11:59:12,041 [INFO   ] Received msg [setup][0m
[33;20m2025-11-03 11:59:12,042 [WARNING] Parameter-specific bounds are incomplete, falling back to ub/lb in [common][0m
[33;20m2025-11-03 11:59:12,670 [WARNING] Strategy 'init_strat' has refit_every < min_asks even though its generator does not require a model. Consider making refit_every = min_asks to speed up point generation.[0m
[0;37m2025-11-03 11:59:12,742 [INFO   ] Received msg [ask][0m
[0;37m2025-11-03 11:59:12,904 [INFO   ] Received msg [tell][0m
[0;37m2025-11-03 11:59:13,040 [INFO   ] Received msg [ask][0m
[0;37m2025-11-03 11:59:13,041 [INFO   ] Starting fitting (no warm start)...[0m
[0;37m2025-11-03 11:59:13,363 [INFO   ] Fitting done, took 0.32190394401550293[0m
[0;37m2025-11-03 11:59:13,396 [INFO   ] Received msg [tell][0m
[0;37m2025-11-03 11:59:13,535 [INFO   ] Received msg [ask][0m
[0;37m2025-11-03 11:59:13,536 [INFO   ] Starting fitting (no warm start)...[0m
[0;37m2025-11-03 11:59:13,747 [INFO   ] Fitting done, took 0.21081995964050293[0m
[0;37m2025-11-03 11:59:20,283 [INFO   ] Received msg [tell][0m
[0;37m2025-11-03 11:59:20,436 [INFO   ] Received msg [ask][0m
[0;37m2025-11-03 11:59:20,436 [INFO   ] Starting fitting (no warm start)...[0m
[0;37m2025-11-03 11:59:20,606 [INFO   ] Fitting done, took 0.16984963417053223[0m
[0;37m2025-11-03 11:59:20,633 [INFO   ] Received msg [tell][0m
[0;37m2025-11-03 11:59:20,764 [INFO   ] Received msg [ask][0m
[0;37m2025-11-03 11:59:20,764 [INFO   ] Starting fitting (no warm start)...[0m
[0;37m2025-11-03 11:59:20,928 [INFO   ] Fitting done, took 0.16376543045043945[0m
[0;37m2025-11-03 11:59:20,958 [INFO   ] Received msg [tell][0m
[0;37m2025-11-03 11:59:21,074 [INFO   ] Received msg [ask][0m
[0;37m2025-11-03 11:59:21,075 [INFO   ] Starting fitting (no warm start)...[0m
[0;37m2025-11-03 11:59:21,230 [INFO   ] Fitting done, took 0.15511822700500488[0m
[0;37m2025-11-03 11:59:27,772 [INFO   ] Received msg [tell][0m
[0;37m2025-11-03 11:59:27,939 [INFO   ] Received msg [ask][0m
[0;37m2025-11-03 11:59:27,940 [INFO   ] Starting fitting (no warm start)...[0m
[0;37m2025-11-03 11:59:28,163 [INFO   ] Fitting done, took 0.22308111190795898[0m
[0;37m2025-11-03 11:59:28,192 [INFO   ] Received msg [tell][0m
[0;37m2025-11-03 11:59:28,313 [INFO   ] Received msg [ask][0m
[0;37m2025-11-03 11:59:28,313 [INFO   ] Starting fitting (no warm start)...[0m
[0;37m2025-11-03 11:59:28,520 [INFO   ] Fitting done, took 0.20673036575317383[0m
[0;37m2025-11-03 11:59:28,553 [INFO   ] Received msg [tell][0m
[0;37m2025-11-03 11:59:28,686 [INFO   ] Received msg [ask][0m
[0;37m2025-11-03 11:59:28,686 [INFO   ] Starting fitting (no warm start)...[0m
[0;37m2025-11-03 11:59:28,889 [INFO   ] Fitting done, took 0.2025146484375[0m
[0;37m2025-11-03 11:59:35,417 [INFO   ] Received msg [tell][0m
[0;37m2025-11-03 11:59:35,577 [INFO   ] Received msg [ask][0m
[0;37m2025-11-03 11:59:35,577 [INFO   ] Starting fitting (no warm start)...[0m
[0;37m2025-11-03 11:59:35,767 [INFO   ] Fitting done, took 0.18962764739990234[0m
[0;37m2025-11-03 11:59:35,796 [INFO   ] Received msg [tell][0m
[0;37m2025-11-03 11:59:35,913 [INFO   ] Received msg [ask][0m
[0;37m2025-11-03 11:59:35,914 [INFO   ] Starting fitting (no warm start)...[0m
[0;37m2025-11-03 11:59:36,090 [INFO   ] Fitting done, took 0.17662453651428223[0m
[0;37m2025-11-03 11:59:36,118 [INFO   ] Received msg [tell][0m
[0;37m2025-11-03 11:59:36,240 [INFO   ] Received msg [ask][0m
[0;37m2025-11-03 11:59:36,241 [INFO   ] Starting fitting (no warm start)...[0m
[0;37m2025-11-03 11:59:36,482 [INFO   ] Fitting done, took 0.24132871627807617[0m
[0;37m2025-11-03 11:59:43,016 [INFO   ] Received msg [tell][0m
[0;37m2025-11-03 11:59:43,164 [INFO   ] Received msg [ask][0m
[0;37m2025-11-03 11:59:43,166 [INFO   ] Starting fitting (no warm start)...[0m
[0;37m2025-11-03 11:59:43,386 [INFO   ] Fitting done, took 0.2197890281677246[0m
[0;37m2025-11-03 11:59:43,414 [INFO   ] Received msg [tell][0m
[0;37m2025-11-03 11:59:43,530 [INFO   ] Received msg [ask][0m
[0;37m2025-11-03 11:59:43,531 [INFO   ] Starting fitting (no warm start)...[0m
[0;37m2025-11-03 11:59:43,758 [INFO   ] Fitting done, took 0.22748303413391113[0m
[0;37m2025-11-03 11:59:43,786 [INFO   ] Received msg [tell][0m
[0;37m2025-11-03 11:59:43,905 [INFO   ] Received msg [ask][0m
[0;37m2025-11-03 11:59:43,905 [INFO   ] Starting fitting (no warm start)...[0m
[0;37m2025-11-03 11:59:44,149 [INFO   ] Fitting done, took 0.24338293075561523[0m
[0;37m2025-11-03 11:59:50,683 [INFO   ] Received msg [tell][0m
[0;37m2025-11-03 11:59:50,858 [INFO   ] Received msg [ask][0m
[0;37m2025-11-03 11:59:50,858 [INFO   ] Starting fitting (no warm start)...[0m
[0;37m2025-11-03 11:59:51,122 [INFO   ] Fitting done, took 0.2638528347015381[0m
[0;37m2025-11-03 11:59:51,152 [INFO   ] Received msg [tell][0m
[0;37m2025-11-03 11:59:51,270 [INFO   ] Received msg [ask][0m
[0;37m2025-11-03 11:59:51,271 [INFO   ] Starting fitting (no warm start)...[0m
[0;37m2025-11-03 11:59:51,471 [INFO   ] Fitting done, took 0.1997699737548828[0m
[0;37m2025-11-03 11:59:51,499 [INFO   ] Received msg [tell][0m
[0;37m2025-11-03 11:59:51,613 [INFO   ] Received msg [ask][0m
[0;37m2025-11-03 11:59:51,614 [INFO   ] Starting fitting (no warm start)...[0m
[0;37m2025-11-03 11:59:51,881 [INFO   ] Fitting done, took 0.26684021949768066[0m
[0;37m2025-11-03 11:59:58,412 [INFO   ] Received msg [tell][0m
[0;37m2025-11-03 11:59:58,567 [INFO   ] Received msg [ask][0m
[0;37m2025-11-03 11:59:58,568 [INFO   ] Starting fitting (no warm start)...[0m
[0;37m2025-11-03 11:59:58,770 [INFO   ] Fitting done, took 0.20198321342468262[0m
[0;37m2025-11-03 11:59:58,796 [INFO   ] Received msg [tell][0m
[0;37m2025-11-03 11:59:58,932 [INFO   ] Received msg [ask][0m
[0;37m2025-11-03 11:59:58,933 [INFO   ] Starting fitting (no warm start)...[0m
[0;37m2025-11-03 11:59:59,173 [INFO   ] Fitting done, took 0.2407238483428955[0m
[0;37m2025-11-03 11:59:59,202 [INFO   ] Received msg [tell][0m
[0;37m2025-11-03 11:59:59,323 [INFO   ] Received msg [ask][0m
[0;37m2025-11-03 11:59:59,324 [INFO   ] Starting fitting (no warm start)...[0m
[0;37m2025-11-03 11:59:59,602 [INFO   ] Fitting done, took 0.2780888080596924[0m
[0;37m2025-11-03 12:00:06,129 [INFO   ] Received msg [tell][0m
[0;37m2025-11-03 12:03:04,922 [INFO   ] Note: NumExpr detected 16 cores but "NUMEXPR_MAX_THREADS" not set, so enforcing safe limit of 8.[0m
[0;37m2025-11-03 12:03:04,923 [INFO   ] NumExpr defaulting to 8 threads.[0m
[33;20m2025-11-03 12:06:19,081 [WARNING] Parameter-specific bounds are incomplete, falling back to ub/lb in [common][0m
[0;37m2025-11-03 12:06:19,084 [INFO   ] Found DB at ./databases/default.db, appending![0m
[0;37m2025-11-03 12:06:19,475 [INFO   ] Received msg [setup][0m
[33;20m2025-11-03 12:06:19,477 [WARNING] Parameter-specific bounds are incomplete, falling back to ub/lb in [common][0m
[33;20m2025-11-03 12:06:20,182 [WARNING] Strategy 'init_strat' has refit_every < min_asks even though its generator does not require a model. Consider making refit_every = min_asks to speed up point generation.[0m
[0;37m2025-11-03 12:06:20,271 [INFO   ] Received msg [ask][0m
[0;37m2025-11-03 12:06:20,315 [INFO   ] Received msg [tell][0m
[0;37m2025-11-03 12:06:20,530 [INFO   ] Received msg [ask][0m
[0;37m2025-11-03 12:06:20,531 [INFO   ] Starting fitting (no warm start)...[0m
[0;37m2025-11-03 12:06:21,205 [INFO   ] Fitting done, took 0.6736483573913574[0m
[0;37m2025-11-03 12:06:21,248 [INFO   ] Received msg [tell][0m
[0;37m2025-11-03 12:06:21,441 [INFO   ] Received msg [ask][0m
[0;37m2025-11-03 12:06:21,443 [INFO   ] Starting fitting (no warm start)...[0m
[0;37m2025-11-03 12:06:21,855 [INFO   ] Fitting done, took 0.4123654365539551[0m
[0;37m2025-11-03 12:06:21,900 [INFO   ] Received msg [tell][0m
[0;37m2025-11-03 12:06:22,109 [INFO   ] Received msg [ask][0m
[0;37m2025-11-03 12:06:22,111 [INFO   ] Starting fitting (no warm start)...[0m
[0;37m2025-11-03 12:06:22,604 [INFO   ] Fitting done, took 0.4925971031188965[0m
[0;37m2025-11-03 12:06:22,651 [INFO   ] Received msg [tell][0m
[0;37m2025-11-03 12:06:22,845 [INFO   ] Received msg [ask][0m
[0;37m2025-11-03 12:06:22,847 [INFO   ] Starting fitting (no warm start)...[0m
[0;37m2025-11-03 12:06:23,126 [INFO   ] Fitting done, took 0.278841495513916[0m
[0;37m2025-11-03 12:06:23,173 [INFO   ] Received msg [tell][0m
[0;37m2025-11-03 12:06:23,384 [INFO   ] Received msg [ask][0m
[0;37m2025-11-03 12:06:23,384 [INFO   ] Starting fitting (no warm start)...[0m
[0;37m2025-11-03 12:06:23,809 [INFO   ] Fitting done, took 0.4245760440826416[0m
[0;37m2025-11-03 12:06:23,858 [INFO   ] Received msg [tell][0m
[0;37m2025-11-03 12:06:24,045 [INFO   ] Received msg [ask][0m
[0;37m2025-11-03 12:06:24,046 [INFO   ] Starting fitting (no warm start)...[0m
[0;37m2025-11-03 12:06:24,433 [INFO   ] Fitting done, took 0.38680052757263184[0m
[0;37m2025-11-03 12:06:24,473 [INFO   ] Received msg [tell][0m
[0;37m2025-11-03 12:06:24,654 [INFO   ] Received msg [ask][0m
[0;37m2025-11-03 12:06:24,655 [INFO   ] Starting fitting (no warm start)...[0m
[0;37m2025-11-03 12:06:24,939 [INFO   ] Fitting done, took 0.2837958335876465[0m
[0;37m2025-11-03 12:06:24,973 [INFO   ] Received msg [tell][0m
[0;37m2025-11-03 12:06:25,160 [INFO   ] Received msg [ask][0m
[0;37m2025-11-03 12:06:25,162 [INFO   ] Starting fitting (no warm start)...[0m
[0;37m2025-11-03 12:06:25,625 [INFO   ] Fitting done, took 0.46296238899230957[0m
[0;37m2025-11-03 12:06:25,677 [INFO   ] Received msg [tell][0m
[0;37m2025-11-03 12:06:25,869 [INFO   ] Received msg [ask][0m
[0;37m2025-11-03 12:06:25,871 [INFO   ] Starting fitting (no warm start)...[0m
[0;37m2025-11-03 12:06:26,264 [INFO   ] Fitting done, took 0.39258384704589844[0m
[0;37m2025-11-03 12:06:26,319 [INFO   ] Received msg [tell][0m
[0;37m2025-11-03 12:06:26,560 [INFO   ] Received msg [ask][0m
[0;37m2025-11-03 12:06:26,561 [INFO   ] Starting fitting (no warm start)...[0m
[0;37m2025-11-03 12:06:27,009 [INFO   ] Fitting done, took 0.44739747047424316[0m
[0;37m2025-11-03 12:06:27,056 [INFO   ] Received msg [tell][0m
[0;37m2025-11-03 12:06:27,243 [INFO   ] Received msg [ask][0m
[0;37m2025-11-03 12:06:27,244 [INFO   ] Starting fitting (no warm start)...[0m
[0;37m2025-11-03 12:06:27,981 [INFO   ] Fitting done, took 0.7364583015441895[0m
[0;37m2025-11-03 12:06:28,020 [INFO   ] Received msg [tell][0m
[0;37m2025-11-03 12:06:28,185 [INFO   ] Received msg [ask][0m
[0;37m2025-11-03 12:06:28,186 [INFO   ] Starting fitting (no warm start)...[0m
[0;37m2025-11-03 12:06:28,890 [INFO   ] Fitting done, took 0.704042911529541[0m
[0;37m2025-11-03 12:06:28,929 [INFO   ] Received msg [tell][0m
[0;37m2025-11-03 12:06:29,109 [INFO   ] Received msg [ask][0m
[0;37m2025-11-03 12:06:29,112 [INFO   ] Starting fitting (no warm start)...[0m
[0;37m2025-11-03 12:06:30,052 [INFO   ] Fitting done, took 0.9404017925262451[0m
[0;37m2025-11-03 12:06:30,093 [INFO   ] Received msg [tell][0m
[0;37m2025-11-03 12:06:30,277 [INFO   ] Received msg [ask][0m
[0;37m2025-11-03 12:06:30,278 [INFO   ] Starting fitting (no warm start)...[0m
[0;37m2025-11-03 12:06:31,249 [INFO   ] Fitting done, took 0.9712283611297607[0m
[0;37m2025-11-03 12:06:31,290 [INFO   ] Received msg [tell][0m
[0;37m2025-11-03 12:06:31,484 [INFO   ] Received msg [ask][0m
[0;37m2025-11-03 12:06:31,485 [INFO   ] Starting fitting (no warm start)...[0m
[0;37m2025-11-03 12:06:32,327 [INFO   ] Fitting done, took 0.8415420055389404[0m
[0;37m2025-11-03 12:06:32,372 [INFO   ] Received msg [tell][0m
[0;37m2025-11-03 12:06:32,564 [INFO   ] Received msg [ask][0m
[0;37m2025-11-03 12:06:32,566 [INFO   ] Starting fitting (no warm start)...[0m
[0;37m2025-11-03 12:06:33,556 [INFO   ] Fitting done, took 0.9890542030334473[0m
[0;37m2025-11-03 12:06:33,603 [INFO   ] Received msg [tell][0m
[0;37m2025-11-03 12:06:33,833 [INFO   ] Received msg [ask][0m
[0;37m2025-11-03 12:06:33,835 [INFO   ] Starting fitting (no warm start)...[0m
[0;37m2025-11-03 12:06:34,984 [INFO   ] Fitting done, took 1.1487219333648682[0m
[0;37m2025-11-03 12:06:35,032 [INFO   ] Received msg [tell][0m
[0;37m2025-11-03 12:06:35,229 [INFO   ] Received msg [ask][0m
[0;37m2025-11-03 12:06:35,230 [INFO   ] Starting fitting (no warm start)...[0m
[0;37m2025-11-03 12:06:36,176 [INFO   ] Fitting done, took 0.9453146457672119[0m
[0;37m2025-11-03 12:06:36,217 [INFO   ] Received msg [tell][0m
[0;37m2025-11-03 12:06:36,411 [INFO   ] Received msg [ask][0m
[0;37m2025-11-03 12:06:36,412 [INFO   ] Starting fitting (no warm start)...[0m
[0;37m2025-11-03 12:06:38,291 [INFO   ] Fitting done, took 1.8781132698059082[0m
[0;37m2025-11-03 12:06:38,336 [INFO   ] Received msg [tell][0m
[0;37m2025-11-03 12:06:38,527 [INFO   ] Received msg [ask][0m
[0;37m2025-11-03 12:06:38,529 [INFO   ] Starting fitting (no warm start)...[0m
[0;37m2025-11-03 12:06:39,931 [INFO   ] Fitting done, took 1.4016516208648682[0m
[0;37m2025-11-03 12:06:39,971 [INFO   ] Received msg [tell][0m
[0;37m2025-11-03 12:06:40,278 [INFO   ] Unable to initialize backend 'tpu': INTERNAL: Failed to open libtpu.so: libtpu.so: cannot open shared object file: No such file or directory[0m
[33;20m2025-11-03 12:06:40,279 [WARNING] An NVIDIA GPU may be present on this machine, but a CUDA-enabled jaxlib is not installed. Falling back to cpu.[0m
[33;20m2025-11-03 12:08:11,372 [WARNING] Parameter-specific bounds are incomplete, falling back to ub/lb in [common][0m
[0;37m2025-11-03 12:08:11,374 [INFO   ] Found DB at ./databases/default.db, appending![0m
[0;37m2025-11-03 12:08:11,573 [INFO   ] Received msg [setup][0m
[33;20m2025-11-03 12:08:11,574 [WARNING] Parameter-specific bounds are incomplete, falling back to ub/lb in [common][0m
[33;20m2025-11-03 12:08:11,924 [WARNING] Strategy 'init_strat' has refit_every < min_asks even though its generator does not require a model. Consider making refit_every = min_asks to speed up point generation.[0m
[0;37m2025-11-03 12:08:11,978 [INFO   ] Received msg [ask][0m
[0;37m2025-11-03 12:08:12,058 [INFO   ] Received msg [tell][0m
[0;37m2025-11-03 12:08:12,231 [INFO   ] Received msg [ask][0m
[0;37m2025-11-03 12:08:12,232 [INFO   ] Starting fitting (no warm start)...[0m
[0;37m2025-11-03 12:08:12,520 [INFO   ] Fitting done, took 0.28753161430358887[0m
[0;37m2025-11-03 12:08:12,554 [INFO   ] Received msg [tell][0m
[0;37m2025-11-03 12:08:12,677 [INFO   ] Received msg [ask][0m
[0;37m2025-11-03 12:08:12,678 [INFO   ] Starting fitting (no warm start)...[0m
[0;37m2025-11-03 12:08:12,802 [INFO   ] Fitting done, took 0.1241445541381836[0m
[0;37m2025-11-03 12:08:19,342 [INFO   ] Received msg [tell][0m
[0;37m2025-11-03 12:08:19,474 [INFO   ] Received msg [ask][0m
[0;37m2025-11-03 12:08:19,475 [INFO   ] Starting fitting (no warm start)...[0m
[0;37m2025-11-03 12:08:19,607 [INFO   ] Fitting done, took 0.13143563270568848[0m
[0;37m2025-11-03 12:08:19,638 [INFO   ] Received msg [tell][0m
[0;37m2025-11-03 12:08:19,776 [INFO   ] Received msg [ask][0m
[0;37m2025-11-03 12:08:19,776 [INFO   ] Starting fitting (no warm start)...[0m
[0;37m2025-11-03 12:08:19,889 [INFO   ] Fitting done, took 0.11252689361572266[0m
[0;37m2025-11-03 12:08:19,920 [INFO   ] Received msg [tell][0m
[0;37m2025-11-03 12:08:20,054 [INFO   ] Received msg [ask][0m
[0;37m2025-11-03 12:08:20,054 [INFO   ] Starting fitting (no warm start)...[0m
[0;37m2025-11-03 12:08:20,286 [INFO   ] Fitting done, took 0.231734037399292[0m
[0;37m2025-11-03 12:08:26,832 [INFO   ] Received msg [tell][0m
[0;37m2025-11-03 12:08:26,997 [INFO   ] Received msg [ask][0m
[0;37m2025-11-03 12:08:26,997 [INFO   ] Starting fitting (no warm start)...[0m
[0;37m2025-11-03 12:08:27,238 [INFO   ] Fitting done, took 0.24122071266174316[0m
[0;37m2025-11-03 12:08:27,270 [INFO   ] Received msg [tell][0m
[0;37m2025-11-03 12:08:27,394 [INFO   ] Received msg [ask][0m
[0;37m2025-11-03 12:08:27,394 [INFO   ] Starting fitting (no warm start)...[0m
[0;37m2025-11-03 12:08:27,634 [INFO   ] Fitting done, took 0.24005508422851562[0m
[0;37m2025-11-03 12:08:27,666 [INFO   ] Received msg [tell][0m
[0;37m2025-11-03 12:08:27,821 [INFO   ] Received msg [ask][0m
[0;37m2025-11-03 12:08:27,822 [INFO   ] Starting fitting (no warm start)...[0m
[0;37m2025-11-03 12:08:27,993 [INFO   ] Fitting done, took 0.17109084129333496[0m
[0;37m2025-11-03 12:08:34,526 [INFO   ] Received msg [tell][0m
[0;37m2025-11-03 12:08:34,651 [INFO   ] Received msg [ask][0m
[0;37m2025-11-03 12:08:34,652 [INFO   ] Starting fitting (no warm start)...[0m
[0;37m2025-11-03 12:08:34,891 [INFO   ] Fitting done, took 0.2396702766418457[0m
[0;37m2025-11-03 12:08:34,931 [INFO   ] Received msg [tell][0m
[0;37m2025-11-03 12:08:35,114 [INFO   ] Received msg [ask][0m
[0;37m2025-11-03 12:08:35,115 [INFO   ] Starting fitting (no warm start)...[0m
[0;37m2025-11-03 12:08:35,331 [INFO   ] Fitting done, took 0.21637916564941406[0m
[0;37m2025-11-03 12:08:35,359 [INFO   ] Received msg [tell][0m
[0;37m2025-11-03 12:08:35,494 [INFO   ] Received msg [ask][0m
[0;37m2025-11-03 12:08:35,494 [INFO   ] Starting fitting (no warm start)...[0m
[0;37m2025-11-03 12:08:35,791 [INFO   ] Fitting done, took 0.29631948471069336[0m
[0;37m2025-11-03 12:08:42,326 [INFO   ] Received msg [tell][0m
[0;37m2025-11-03 12:08:42,513 [INFO   ] Received msg [ask][0m
[0;37m2025-11-03 12:08:42,514 [INFO   ] Starting fitting (no warm start)...[0m
[0;37m2025-11-03 12:08:42,679 [INFO   ] Fitting done, took 0.16497325897216797[0m
[0;37m2025-11-03 12:08:42,713 [INFO   ] Received msg [tell][0m
[0;37m2025-11-03 12:08:42,832 [INFO   ] Received msg [ask][0m
[0;37m2025-11-03 12:08:42,833 [INFO   ] Starting fitting (no warm start)...[0m
[0;37m2025-11-03 12:08:43,024 [INFO   ] Fitting done, took 0.19073152542114258[0m
[0;37m2025-11-03 12:08:43,057 [INFO   ] Received msg [tell][0m
[0;37m2025-11-03 12:08:43,201 [INFO   ] Received msg [ask][0m
[0;37m2025-11-03 12:08:43,202 [INFO   ] Starting fitting (no warm start)...[0m
[0;37m2025-11-03 12:08:43,490 [INFO   ] Fitting done, took 0.28855204582214355[0m
[0;37m2025-11-03 12:08:50,027 [INFO   ] Received msg [tell][0m
[0;37m2025-11-03 12:08:50,194 [INFO   ] Received msg [ask][0m
[0;37m2025-11-03 12:08:50,195 [INFO   ] Starting fitting (no warm start)...[0m
[0;37m2025-11-03 12:08:50,463 [INFO   ] Fitting done, took 0.2683699131011963[0m
[0;37m2025-11-03 12:08:50,493 [INFO   ] Received msg [tell][0m
[0;37m2025-11-03 12:08:50,624 [INFO   ] Received msg [ask][0m
[0;37m2025-11-03 12:08:50,625 [INFO   ] Starting fitting (no warm start)...[0m
[0;37m2025-11-03 12:08:50,936 [INFO   ] Fitting done, took 0.31127023696899414[0m
[0;37m2025-11-03 12:08:50,967 [INFO   ] Received msg [tell][0m
[0;37m2025-11-03 12:08:51,093 [INFO   ] Received msg [ask][0m
[0;37m2025-11-03 12:08:51,093 [INFO   ] Starting fitting (no warm start)...[0m
[0;37m2025-11-03 12:08:51,362 [INFO   ] Fitting done, took 0.26920294761657715[0m
[0;37m2025-11-03 12:08:57,902 [INFO   ] Received msg [tell][0m
[0;37m2025-11-03 12:08:58,117 [INFO   ] Received msg [ask][0m
[0;37m2025-11-03 12:08:58,117 [INFO   ] Starting fitting (no warm start)...[0m
[0;37m2025-11-03 12:09:00,027 [INFO   ] Fitting done, took 1.9094464778900146[0m
[0;37m2025-11-03 12:09:00,068 [INFO   ] Received msg [tell][0m
[0;37m2025-11-03 12:09:00,258 [INFO   ] Received msg [ask][0m
[0;37m2025-11-03 12:09:00,258 [INFO   ] Starting fitting (no warm start)...[0m
[0;37m2025-11-03 12:09:00,581 [INFO   ] Fitting done, took 0.32249879837036133[0m
[0;37m2025-11-03 12:09:00,608 [INFO   ] Received msg [tell][0m
[0;37m2025-11-03 12:09:00,742 [INFO   ] Received msg [ask][0m
[0;37m2025-11-03 12:09:00,742 [INFO   ] Starting fitting (no warm start)...[0m
[0;37m2025-11-03 12:09:01,009 [INFO   ] Fitting done, took 0.2665119171142578[0m
[0;37m2025-11-03 12:09:07,554 [INFO   ] Received msg [tell][0m
[0;37m2025-11-03 12:09:07,794 [INFO   ] Unable to initialize backend 'tpu': INTERNAL: Failed to open libtpu.so: libtpu.so: cannot open shared object file: No such file or directory[0m
[33;20m2025-11-03 12:09:07,796 [WARNING] An NVIDIA GPU may be present on this machine, but a CUDA-enabled jaxlib is not installed. Falling back to cpu.[0m
[33;20m2025-11-04 15:48:47,465 [WARNING] Parameter-specific bounds are incomplete, falling back to ub/lb in [common][0m
[0;37m2025-11-04 15:48:47,466 [INFO   ] Found DB at ./databases/default.db, appending![0m
[0;37m2025-11-04 15:48:47,570 [INFO   ] Received msg [setup][0m
[33;20m2025-11-04 15:48:47,571 [WARNING] Parameter-specific bounds are incomplete, falling back to ub/lb in [common][0m
[33;20m2025-11-04 15:48:48,120 [WARNING] Strategy 'init_strat' has refit_every < min_asks even though its generator does not require a model. Consider making refit_every = min_asks to speed up point generation.[0m
[0;37m2025-11-04 15:48:48,174 [INFO   ] Received msg [ask][0m
[0;37m2025-11-04 15:48:48,200 [INFO   ] Received msg [tell][0m
[0;37m2025-11-04 15:48:48,310 [INFO   ] Received msg [ask][0m
[0;37m2025-11-04 15:48:48,311 [INFO   ] Starting fitting (no warm start)...[0m
[0;37m2025-11-04 15:48:48,613 [INFO   ] Fitting done, took 0.3011505603790283[0m
[0;37m2025-11-04 15:48:48,636 [INFO   ] Received msg [tell][0m
[0;37m2025-11-04 15:48:48,739 [INFO   ] Received msg [ask][0m
[0;37m2025-11-04 15:48:48,739 [INFO   ] Starting fitting (no warm start)...[0m
[0;37m2025-11-04 15:48:48,900 [INFO   ] Fitting done, took 0.16035985946655273[0m
[0;37m2025-11-04 15:48:55,550 [INFO   ] Received msg [tell][0m
[0;37m2025-11-04 15:48:55,638 [INFO   ] Received msg [ask][0m
[0;37m2025-11-04 15:48:55,638 [INFO   ] Starting fitting (no warm start)...[0m
[0;37m2025-11-04 15:48:55,797 [INFO   ] Fitting done, took 0.15891575813293457[0m
[0;37m2025-11-04 15:48:55,818 [INFO   ] Received msg [tell][0m
[0;37m2025-11-04 15:48:55,914 [INFO   ] Received msg [ask][0m
[0;37m2025-11-04 15:48:55,914 [INFO   ] Starting fitting (no warm start)...[0m
[0;37m2025-11-04 15:48:56,016 [INFO   ] Fitting done, took 0.10169291496276855[0m
[0;37m2025-11-04 15:48:56,043 [INFO   ] Received msg [tell][0m
[0;37m2025-11-04 15:48:56,139 [INFO   ] Received msg [ask][0m
[0;37m2025-11-04 15:48:56,140 [INFO   ] Starting fitting (no warm start)...[0m
[0;37m2025-11-04 15:48:56,339 [INFO   ] Fitting done, took 0.19934797286987305[0m
[0;37m2025-11-04 15:49:02,121 [INFO   ] Received msg [tell][0m
[0;37m2025-11-04 15:49:02,214 [INFO   ] Received msg [ask][0m
[0;37m2025-11-04 15:49:02,215 [INFO   ] Starting fitting (no warm start)...[0m
[0;37m2025-11-04 15:49:02,360 [INFO   ] Fitting done, took 0.14522027969360352[0m
[0;37m2025-11-04 15:49:02,385 [INFO   ] Received msg [tell][0m
[0;37m2025-11-04 15:49:03,465 [INFO   ] Unable to initialize backend 'tpu': INTERNAL: Failed to open libtpu.so: libtpu.so: cannot open shared object file: No such file or directory[0m
[33;20m2025-11-07 16:21:27,190 [WARNING] Parameter-specific bounds are incomplete, falling back to ub/lb in [common][0m
[0;37m2025-11-07 16:21:27,191 [INFO   ] Found DB at ./databases/default.db, appending![0m
[0;37m2025-11-07 16:21:27,296 [INFO   ] Received msg [setup][0m
[33;20m2025-11-07 16:21:27,297 [WARNING] Parameter-specific bounds are incomplete, falling back to ub/lb in [common][0m
[33;20m2025-11-07 16:21:27,801 [WARNING] Strategy 'init_strat' has refit_every < min_asks even though its generator does not require a model. Consider making refit_every = min_asks to speed up point generation.[0m
[0;37m2025-11-07 16:21:27,860 [INFO   ] Received msg [ask][0m
[0;37m2025-11-07 16:21:27,896 [INFO   ] Received msg [tell][0m
[0;37m2025-11-07 16:21:28,006 [INFO   ] Received msg [ask][0m
[0;37m2025-11-07 16:21:28,007 [INFO   ] Starting fitting (no warm start)...[0m
[0;37m2025-11-07 16:21:28,296 [INFO   ] Fitting done, took 0.288698673248291[0m
[0;37m2025-11-07 16:21:28,321 [INFO   ] Received msg [tell][0m
[0;37m2025-11-07 16:21:28,409 [INFO   ] Received msg [ask][0m
[0;37m2025-11-07 16:21:28,410 [INFO   ] Starting fitting (no warm start)...[0m
[0;37m2025-11-07 16:21:28,582 [INFO   ] Fitting done, took 0.17230939865112305[0m
[0;37m2025-11-07 16:21:35,125 [INFO   ] Received msg [tell][0m
[0;37m2025-11-07 16:21:35,219 [INFO   ] Received msg [ask][0m
[0;37m2025-11-07 16:21:35,219 [INFO   ] Starting fitting (no warm start)...[0m
[0;37m2025-11-07 16:21:35,301 [INFO   ] Fitting done, took 0.08133983612060547[0m
[0;37m2025-11-07 16:21:35,326 [INFO   ] Received msg [tell][0m
[0;37m2025-11-07 16:21:35,418 [INFO   ] Received msg [ask][0m
[0;37m2025-11-07 16:21:35,418 [INFO   ] Starting fitting (no warm start)...[0m
[0;37m2025-11-07 16:21:35,509 [INFO   ] Fitting done, took 0.09049201011657715[0m
[0;37m2025-11-07 16:21:35,531 [INFO   ] Received msg [tell][0m
[0;37m2025-11-07 16:21:35,621 [INFO   ] Received msg [ask][0m
[0;37m2025-11-07 16:21:35,621 [INFO   ] Starting fitting (no warm start)...[0m
[0;37m2025-11-07 16:21:35,714 [INFO   ] Fitting done, took 0.09251642227172852[0m
[0;37m2025-11-07 16:21:42,278 [INFO   ] Received msg [tell][0m
[0;37m2025-11-07 16:21:42,371 [INFO   ] Received msg [ask][0m
[0;37m2025-11-07 16:21:42,372 [INFO   ] Starting fitting (no warm start)...[0m
[0;37m2025-11-07 16:21:42,551 [INFO   ] Fitting done, took 0.1792161464691162[0m
[0;37m2025-11-07 16:21:42,572 [INFO   ] Received msg [tell][0m
[0;37m2025-11-07 16:21:42,661 [INFO   ] Received msg [ask][0m
[0;37m2025-11-07 16:21:42,662 [INFO   ] Starting fitting (no warm start)...[0m
[0;37m2025-11-07 16:21:42,827 [INFO   ] Fitting done, took 0.16526460647583008[0m
[0;37m2025-11-07 16:21:42,850 [INFO   ] Received msg [tell][0m
[0;37m2025-11-07 16:21:42,944 [INFO   ] Received msg [ask][0m
[0;37m2025-11-07 16:21:42,944 [INFO   ] Starting fitting (no warm start)...[0m
[0;37m2025-11-07 16:21:43,058 [INFO   ] Fitting done, took 0.1132044792175293[0m
[0;37m2025-11-07 16:21:49,640 [INFO   ] Received msg [tell][0m
[0;37m2025-11-07 16:21:49,733 [INFO   ] Received msg [ask][0m
[0;37m2025-11-07 16:21:49,734 [INFO   ] Starting fitting (no warm start)...[0m
[0;37m2025-11-07 16:21:50,076 [INFO   ] Fitting done, took 0.34226298332214355[0m
[0;37m2025-11-07 16:21:50,099 [INFO   ] Received msg [tell][0m
[0;37m2025-11-07 16:21:50,202 [INFO   ] Received msg [ask][0m
[0;37m2025-11-07 16:21:50,202 [INFO   ] Starting fitting (no warm start)...[0m
[0;37m2025-11-07 16:21:50,414 [INFO   ] Fitting done, took 0.21137380599975586[0m
[0;37m2025-11-07 16:21:50,436 [INFO   ] Received msg [tell][0m
[0;37m2025-11-07 16:21:50,531 [INFO   ] Received msg [ask][0m
[0;37m2025-11-07 16:21:50,532 [INFO   ] Starting fitting (no warm start)...[0m
[0;37m2025-11-07 16:21:50,752 [INFO   ] Fitting done, took 0.2206733226776123[0m
[0;37m2025-12-02 19:12:28,915 [INFO   ] Unable to initialize backend 'tpu': INTERNAL: Failed to open libtpu.so: libtpu.so: cannot open shared object file: No such file or directory[0m
[0;37m2025-12-02 19:12:29,964 [INFO   ] Found DB at ./databases/default.db, appending![0m
[0;37m2025-12-02 19:12:30,093 [INFO   ] Received msg [setup][0m
[0;37m2025-12-02 19:12:30,674 [INFO   ] Received msg [ask][0m
[0;37m2025-12-02 19:12:30,693 [INFO   ] Received msg [tell][0m
[0;37m2025-12-02 19:12:30,831 [INFO   ] Received msg [ask][0m
[0;37m2025-12-02 19:12:30,857 [INFO   ] Received msg [tell][0m
[0;37m2025-12-02 19:12:30,998 [INFO   ] Received msg [ask][0m
[0;37m2025-12-02 19:12:31,019 [INFO   ] Received msg [tell][0m
[0;37m2025-12-02 19:12:31,172 [INFO   ] Received msg [ask][0m
[0;37m2025-12-02 19:12:31,193 [INFO   ] Received msg [tell][0m
[0;37m2025-12-02 19:12:31,330 [INFO   ] Received msg [ask][0m
[0;37m2025-12-02 19:12:31,352 [INFO   ] Received msg [tell][0m
[0;37m2025-12-02 19:12:31,492 [INFO   ] Received msg [ask][0m
[0;37m2025-12-02 19:12:31,514 [INFO   ] Received msg [tell][0m
[0;37m2025-12-02 19:12:31,686 [INFO   ] Received msg [ask][0m
[0;37m2025-12-02 19:12:31,708 [INFO   ] Received msg [tell][0m
[0;37m2025-12-02 19:12:31,847 [INFO   ] Received msg [ask][0m
[0;37m2025-12-02 19:12:31,867 [INFO   ] Received msg [tell][0m
[0;37m2025-12-02 19:12:32,013 [INFO   ] Received msg [ask][0m
[0;37m2025-12-02 19:12:32,033 [INFO   ] Received msg [tell][0m
[0;37m2025-12-02 19:12:32,172 [INFO   ] Received msg [ask][0m
[0;37m2025-12-02 19:12:32,193 [INFO   ] Received msg [tell][0m
[0;37m2025-12-02 19:12:32,349 [INFO   ] Received msg [ask][0m
[0;37m2025-12-02 19:12:32,372 [INFO   ] Received msg [tell][0m
[0;37m2025-12-02 19:12:32,508 [INFO   ] Received msg [ask][0m
[0;37m2025-12-02 19:12:32,531 [INFO   ] Received msg [tell][0m
[0;37m2025-12-02 19:12:32,664 [INFO   ] Received msg [ask][0m
[0;37m2025-12-02 19:12:32,684 [INFO   ] Received msg [tell][0m
[0;37m2025-12-02 19:12:32,817 [INFO   ] Received msg [ask][0m
[0;37m2025-12-02 19:12:32,837 [INFO   ] Received msg [tell][0m
[0;37m2025-12-02 19:12:32,963 [INFO   ] Received msg [ask][0m
[0;37m2025-12-02 19:12:32,983 [INFO   ] Received msg [tell][0m
[0;37m2025-12-02 19:12:33,108 [INFO   ] Received msg [ask][0m
[0;37m2025-12-02 19:12:33,126 [INFO   ] Received msg [tell][0m
[0;37m2025-12-02 19:12:33,253 [INFO   ] Received msg [ask][0m
[0;37m2025-12-02 19:12:33,273 [INFO   ] Received msg [tell][0m
[0;37m2025-12-02 19:12:32,687 [INFO   ] Received msg [ask][0m
[0;37m2025-12-02 19:12:32,706 [INFO   ] Received msg [tell][0m
[0;37m2025-12-02 19:12:31,856 [INFO   ] Received msg [ask][0m
[0;37m2025-12-02 19:12:31,873 [INFO   ] Received msg [tell][0m
[0;37m2025-12-02 19:12:32,006 [INFO   ] Received msg [ask][0m
[0;37m2025-12-02 19:12:32,027 [INFO   ] Received msg [tell][0m
[0;37m2025-12-02 19:12:32,180 [INFO   ] Received msg [ask][0m
[0;37m2025-12-02 19:12:32,203 [INFO   ] Received msg [tell][0m
[0;37m2025-12-02 19:12:32,340 [INFO   ] Received msg [ask][0m
[0;37m2025-12-02 19:12:32,360 [INFO   ] Received msg [tell][0m
[0;37m2025-12-02 19:12:32,520 [INFO   ] Received msg [ask][0m
[0;37m2025-12-02 19:12:32,539 [INFO   ] Received msg [tell][0m
[0;37m2025-12-02 19:12:32,670 [INFO   ] Received msg [ask][0m
[0;37m2025-12-02 19:12:32,694 [INFO   ] Received msg [tell][0m
[0;37m2025-12-02 19:12:32,846 [INFO   ] Received msg [ask][0m
[0;37m2025-12-02 19:12:32,866 [INFO   ] Received msg [tell][0m
[0;37m2025-12-02 19:12:32,994 [INFO   ] Received msg [ask][0m
[0;37m2025-12-02 19:12:33,013 [INFO   ] Received msg [tell][0m
[0;37m2025-12-02 19:12:33,154 [INFO   ] Received msg [ask][0m
[0;37m2025-12-02 19:12:33,174 [INFO   ] Received msg [tell][0m
[0;37m2025-12-02 19:12:33,310 [INFO   ] Received msg [ask][0m
[0;37m2025-12-02 19:12:33,330 [INFO   ] Received msg [tell][0m
[0;37m2025-12-02 19:12:33,461 [INFO   ] Received msg [ask][0m
[0;37m2025-12-02 19:12:33,481 [INFO   ] Received msg [tell][0m
[0;37m2025-12-02 19:12:33,607 [INFO   ] Received msg [ask][0m
[0;37m2025-12-02 19:12:33,626 [INFO   ] Received msg [tell][0m
[0;37m2025-12-02 19:12:33,758 [INFO   ] Received msg [ask][0m
[0;37m2025-12-02 19:12:33,782 [INFO   ] Received msg [tell][0m
[0;37m2025-12-02 19:12:33,926 [INFO   ] Received msg [ask][0m
[0;37m2025-12-02 19:12:33,944 [INFO   ] Received msg [tell][0m
[0;37m2025-12-02 19:12:34,075 [INFO   ] Received msg [ask][0m
[0;37m2025-12-02 19:12:34,094 [INFO   ] Received msg [tell][0m
[0;37m2025-12-02 19:12:34,220 [INFO   ] Received msg [ask][0m
[0;37m2025-12-02 19:12:34,239 [INFO   ] Received msg [tell][0m
[0;37m2025-12-02 19:12:34,364 [INFO   ] Received msg [ask][0m
[0;37m2025-12-02 19:12:34,384 [INFO   ] Received msg [tell][0m
[0;37m2025-12-02 19:12:34,534 [INFO   ] Received msg [ask][0m
[0;37m2025-12-02 19:12:34,553 [INFO   ] Received msg [tell][0m
[0;37m2025-12-02 19:12:34,684 [INFO   ] Received msg [ask][0m
[0;37m2025-12-02 19:12:34,704 [INFO   ] Received msg [tell][0m
[0;37m2025-12-02 19:12:34,833 [INFO   ] Received msg [ask][0m
[0;37m2025-12-02 19:12:34,854 [INFO   ] Received msg [tell][0m
[0;37m2025-12-02 19:12:34,995 [INFO   ] Received msg [ask][0m
[0;37m2025-12-02 19:12:35,015 [INFO   ] Received msg [tell][0m
[0;37m2025-12-02 19:12:35,157 [INFO   ] Received msg [ask][0m
[0;37m2025-12-02 19:12:35,177 [INFO   ] Received msg [tell][0m
[0;37m2025-12-02 19:12:35,330 [INFO   ] Received msg [ask][0m
[0;37m2025-12-02 19:12:35,350 [INFO   ] Received msg [tell][0m
[0;37m2025-12-02 19:12:35,484 [INFO   ] Received msg [ask][0m
[0;37m2025-12-02 19:12:35,503 [INFO   ] Received msg [tell][0m
[0;37m2025-12-02 19:12:35,629 [INFO   ] Received msg [ask][0m
[0;37m2025-12-02 19:12:35,648 [INFO   ] Received msg [tell][0m
[0;37m2025-12-02 19:12:35,771 [INFO   ] Received msg [ask][0m
[0;37m2025-12-02 19:12:35,789 [INFO   ] Received msg [tell][0m
[0;37m2025-12-02 19:12:35,918 [INFO   ] Received msg [ask][0m
[0;37m2025-12-02 19:12:35,937 [INFO   ] Received msg [tell][0m
[0;37m2025-12-02 19:12:36,068 [INFO   ] Received msg [ask][0m
[0;37m2025-12-02 19:12:36,086 [INFO   ] Received msg [tell][0m
[0;37m2025-12-02 19:12:36,221 [INFO   ] Received msg [ask][0m
[0;37m2025-12-02 19:12:36,246 [INFO   ] Received msg [tell][0m
[0;37m2025-12-02 19:12:36,376 [INFO   ] Received msg [ask][0m
[0;37m2025-12-02 19:12:36,394 [INFO   ] Received msg [tell][0m
[0;37m2025-12-02 19:12:36,517 [INFO   ] Received msg [ask][0m
[0;37m2025-12-02 19:12:36,536 [INFO   ] Received msg [tell][0m
[0;37m2025-12-02 19:12:36,665 [INFO   ] Received msg [ask][0m
[0;37m2025-12-02 19:12:36,685 [INFO   ] Received msg [tell][0m
[0;37m2025-12-02 19:15:08,078 [INFO   ] Unable to initialize backend 'tpu': INTERNAL: Failed to open libtpu.so: libtpu.so: cannot open shared object file: No such file or directory[0m
[0;37m2025-12-02 19:15:08,779 [INFO   ] Found DB at ./databases/default.db, appending![0m
[0;37m2025-12-02 19:15:08,894 [INFO   ] Received msg [setup][0m
[0;37m2025-12-02 19:15:09,258 [INFO   ] Received msg [ask][0m
[0;37m2025-12-02 19:15:09,284 [INFO   ] Received msg [tell][0m
[0;37m2025-12-02 19:15:09,421 [INFO   ] Received msg [ask][0m
[0;37m2025-12-02 19:15:09,441 [INFO   ] Received msg [tell][0m
[0;37m2025-12-02 19:15:09,627 [INFO   ] Received msg [ask][0m
[0;37m2025-12-02 19:15:09,661 [INFO   ] Received msg [tell][0m
[0;37m2025-12-02 19:15:09,815 [INFO   ] Received msg [ask][0m
[0;37m2025-12-02 19:15:09,836 [INFO   ] Received msg [tell][0m
[0;37m2025-12-02 19:15:09,978 [INFO   ] Received msg [ask][0m
[0;37m2025-12-02 19:15:10,000 [INFO   ] Received msg [tell][0m
[0;37m2025-12-02 19:15:10,142 [INFO   ] Received msg [ask][0m
[0;37m2025-12-02 19:15:10,164 [INFO   ] Received msg [tell][0m
[0;37m2025-12-02 19:15:10,315 [INFO   ] Received msg [ask][0m
[0;37m2025-12-02 19:15:10,336 [INFO   ] Received msg [tell][0m
[0;37m2025-12-02 19:15:10,474 [INFO   ] Received msg [ask][0m
[0;37m2025-12-02 19:15:10,493 [INFO   ] Received msg [tell][0m
[0;37m2025-12-02 19:15:10,629 [INFO   ] Received msg [ask][0m
[0;37m2025-12-02 19:15:10,651 [INFO   ] Received msg [tell][0m
[0;37m2025-12-02 19:15:10,783 [INFO   ] Received msg [ask][0m
[0;37m2025-12-02 19:15:10,805 [INFO   ] Received msg [tell][0m
[0;37m2025-12-02 19:15:10,937 [INFO   ] Received msg [ask][0m
[0;37m2025-12-02 19:15:10,957 [INFO   ] Received msg [tell][0m
[0;37m2025-12-02 19:15:11,088 [INFO   ] Received msg [ask][0m
[0;37m2025-12-02 19:15:11,109 [INFO   ] Received msg [tell][0m
[0;37m2025-12-02 19:15:11,242 [INFO   ] Received msg [ask][0m
[0;37m2025-12-02 19:15:11,262 [INFO   ] Received msg [tell][0m
[0;37m2025-12-02 19:15:11,408 [INFO   ] Received msg [ask][0m
[0;37m2025-12-02 19:15:11,428 [INFO   ] Received msg [tell][0m
[0;37m2025-12-02 19:15:11,569 [INFO   ] Received msg [ask][0m
[0;37m2025-12-02 19:15:11,593 [INFO   ] Received msg [tell][0m
[0;37m2025-12-02 19:15:11,741 [INFO   ] Received msg [ask][0m
[0;37m2025-12-02 19:15:11,763 [INFO   ] Received msg [tell][0m
[0;37m2025-12-02 19:18:06,730 [INFO   ] Unable to initialize backend 'tpu': INTERNAL: Failed to open libtpu.so: libtpu.so: cannot open shared object file: No such file or directory[0m
[0;37m2025-12-02 19:18:07,446 [INFO   ] Found DB at ./databases/default.db, appending![0m
[0;37m2025-12-02 19:18:07,575 [INFO   ] Received msg [setup][0m
[0;37m2025-12-02 19:18:08,670 [INFO   ] Received msg [ask][0m
[0;37m2025-12-02 19:18:12,250 [INFO   ] Received msg [tell][0m
[0;37m2025-12-02 19:18:12,412 [INFO   ] Received msg [ask][0m
[0;37m2025-12-02 19:18:17,713 [INFO   ] Received msg [tell][0m
[0;37m2025-12-02 19:18:17,848 [INFO   ] Received msg [ask][0m
[0;37m2025-12-02 19:18:23,093 [INFO   ] Received msg [tell][0m
[0;37m2025-12-02 19:18:23,229 [INFO   ] Received msg [ask][0m
[0;37m2025-12-02 19:18:28,545 [INFO   ] Received msg [tell][0m
[0;37m2025-12-02 19:18:28,680 [INFO   ] Received msg [ask][0m
[0;37m2025-12-02 19:18:33,931 [INFO   ] Received msg [tell][0m
[0;37m2025-12-02 19:18:34,075 [INFO   ] Received msg [ask][0m
[0;37m2025-12-02 19:48:54,069 [INFO   ] Unable to initialize backend 'tpu': INTERNAL: Failed to open libtpu.so: libtpu.so: cannot open shared object file: No such file or directory[0m
[0;37m2025-12-02 19:48:55,197 [INFO   ] Found DB at ./databases/default.db, appending![0m
[0;37m2025-12-02 19:48:55,325 [INFO   ] Received msg [setup][0m
[0;37m2025-12-02 19:48:56,433 [INFO   ] Received msg [ask][0m
[0;37m2025-12-02 19:48:59,073 [INFO   ] Received msg [tell][0m
[0;37m2025-12-02 19:48:59,225 [INFO   ] Received msg [ask][0m
[0;37m2025-12-02 19:49:02,172 [INFO   ] Received msg [tell][0m
[0;37m2025-12-02 19:49:02,310 [INFO   ] Received msg [ask][0m
[0;37m2025-12-02 19:49:05,255 [INFO   ] Received msg [tell][0m
[0;37m2025-12-02 19:49:05,391 [INFO   ] Received msg [ask][0m
[0;37m2025-12-02 19:49:07,790 [INFO   ] Received msg [tell][0m
[0;37m2025-12-02 19:49:07,922 [INFO   ] Received msg [ask][0m
[0;37m2025-12-02 19:49:10,408 [INFO   ] Received msg [tell][0m
[0;37m2025-12-02 19:49:10,545 [INFO   ] Received msg [ask][0m
[0;37m2025-12-02 19:49:12,987 [INFO   ] Received msg [tell][0m
[0;37m2025-12-02 19:49:13,135 [INFO   ] Received msg [ask][0m
[0;37m2025-12-02 19:49:15,443 [INFO   ] Received msg [tell][0m
[0;37m2025-12-02 19:49:15,578 [INFO   ] Received msg [ask][0m
[0;37m2025-12-02 19:49:18,049 [INFO   ] Received msg [tell][0m
[0;37m2025-12-02 19:49:18,191 [INFO   ] Received msg [ask][0m
[0;37m2025-12-02 19:49:18,812 [INFO   ] Received msg [tell][0m
[0;37m2025-12-02 19:49:18,947 [INFO   ] Received msg [ask][0m
[0;37m2025-12-02 19:49:21,372 [INFO   ] Received msg [tell][0m
[0;37m2025-12-02 19:49:21,512 [INFO   ] Received msg [ask][0m
[0;37m2025-12-02 19:49:23,868 [INFO   ] Received msg [tell][0m
[0;37m2025-12-02 19:49:24,009 [INFO   ] Received msg [ask][0m
[0;37m2025-12-02 19:49:26,355 [INFO   ] Received msg [tell][0m
[0;37m2025-12-02 19:49:26,498 [INFO   ] Received msg [ask][0m
[0;37m2025-12-02 19:49:28,789 [INFO   ] Received msg [tell][0m
[0;37m2025-12-02 19:49:28,930 [INFO   ] Received msg [ask][0m
[0;37m2025-12-02 19:49:31,365 [INFO   ] Received msg [tell][0m
[0;37m2025-12-02 19:49:31,502 [INFO   ] Received msg [ask][0m
[0;37m2025-12-02 19:49:33,939 [INFO   ] Received msg [tell][0m
[0;37m2025-12-02 19:49:34,079 [INFO   ] Received msg [ask][0m
